2017/10/27-10:25:29.585 INFO  n.h.i.o.i.f.CfgManager[initialize:81] - Configuration loading started!!!
2017/10/27-10:25:29.664 INFO  n.h.i.o.i.f.CfgManager[initialize:103] - Configuration loading succeeded!!!
2017/10/27-10:25:30.060 INFO  o.m.d.cluster[info:71] - Cluster created with settings {hosts=[localhost:27017], mode=SINGLE, requiredClusterType=UNKNOWN, serverSelectionTimeout='30000 ms', maxWaitQueueSize=640}
2017/10/27-10:25:30.060 INFO  o.m.d.cluster[info:71] - Cluster created with settings {hosts=[localhost:27017], mode=SINGLE, requiredClusterType=UNKNOWN, serverSelectionTimeout='30000 ms', maxWaitQueueSize=640}
2017/10/27-10:25:30.083 DEBUG o.m.d.connection[debug:56] - Ensuring minimum pooled connections to localhost:27017
2017/10/27-10:25:30.263 DEBUG n.h.i.o.b.h.s.HttpServer[<init>:82] - Netty bossThreadPoolSize: 0, workerThreadPoolSize: 1024
2017/10/27-10:25:30.318 INFO  o.m.d.connection[info:71] - Opened connection [connectionId{localValue:65, serverValue:86}] to localhost:27017
2017/10/27-10:25:30.319 DEBUG i.n.u.i.l.InternalLoggerFactory[debug:71] - Using SLF4J as the default logging framework
2017/10/27-10:25:30.321 INFO  o.m.d.cluster[info:71] - Monitor thread successfully connected to server with description ServerDescription{address=localhost:27017, type=STANDALONE, state=CONNECTED, ok=true, version=ServerVersion{versionList=[3, 2, 9]}, minWireVersion=0, maxWireVersion=4, electionId=null, maxDocumentSize=16777216, roundTripTimeNanos=1356000}
2017/10/27-10:25:30.321 INFO  o.m.d.cluster[info:71] - Monitor thread successfully connected to server with description ServerDescription{address=localhost:27017, type=STANDALONE, state=CONNECTED, ok=true, version=ServerVersion{versionList=[3, 2, 9]}, minWireVersion=0, maxWireVersion=4, electionId=null, maxDocumentSize=16777216, roundTripTimeNanos=1356000}
2017/10/27-10:25:30.322 DEBUG i.n.c.MultithreadEventLoopGroup[debug:76] - -Dio.netty.eventLoopThreads: 4
2017/10/27-10:25:30.341 DEBUG i.n.u.i.PlatformDependent0[debug:76] - java.nio.Buffer.address: available
2017/10/27-10:25:30.342 DEBUG i.n.u.i.PlatformDependent0[debug:76] - sun.misc.Unsafe.theUnsafe: available
2017/10/27-10:25:30.342 DEBUG i.n.u.i.PlatformDependent0[debug:71] - sun.misc.Unsafe.copyMemory: available
2017/10/27-10:25:30.344 DEBUG i.n.u.i.PlatformDependent0[debug:76] - java.nio.Bits.unaligned: true
2017/10/27-10:25:30.346 DEBUG i.n.u.i.PlatformDependent[debug:76] - Java version: 7
2017/10/27-10:25:30.347 DEBUG i.n.u.i.PlatformDependent[debug:76] - -Dio.netty.noUnsafe: false
2017/10/27-10:25:30.347 DEBUG i.n.u.i.PlatformDependent[debug:76] - sun.misc.Unsafe: available
2017/10/27-10:25:30.348 DEBUG i.n.u.i.PlatformDependent[debug:76] - -Dio.netty.noJavassist: false
2017/10/27-10:25:30.351 DEBUG i.n.u.i.PlatformDependent[debug:71] - Javassist: unavailable
2017/10/27-10:25:30.351 DEBUG i.n.u.i.PlatformDependent[debug:71] - You don't have Javassist in your class path or you don't have enough permission to load dynamically generated classes.  Please check the configuration for better performance.
2017/10/27-10:25:30.352 DEBUG i.n.u.i.PlatformDependent[debug:76] - -Dio.netty.tmpdir: /var/folders/tm/w6pglknj4gl9pqfcx2t9pwfr0000gn/T (java.io.tmpdir)
2017/10/27-10:25:30.353 DEBUG i.n.u.i.PlatformDependent[debug:76] - -Dio.netty.bitMode: 64 (sun.arch.data.model)
2017/10/27-10:25:30.353 DEBUG i.n.u.i.PlatformDependent[debug:76] - -Dio.netty.noPreferDirect: false
2017/10/27-10:25:30.458 DEBUG i.n.c.n.NioEventLoop[debug:76] - -Dio.netty.noKeySetOptimization: false
2017/10/27-10:25:30.459 DEBUG i.n.c.n.NioEventLoop[debug:76] - -Dio.netty.selectorAutoRebuildThreshold: 512
2017/10/27-10:25:30.901 DEBUG n.h.i.o.b.c.s.HCoapServer[<init>:123] - ######### HCoapServer RESOURCE_ID: herit-in, resourceName: herit-cse
2017/10/27-10:25:30.901 DEBUG n.h.i.o.b.c.s.HCoapServer[addEndpoints:48] - addEndpoints
2017/10/27-10:25:30.954 INFO  n.h.i.o.b.c.s.HCoapServer[addEndpoints:58] - Coap port: 5683
2017/10/27-10:25:31.150 INFO  n.h.i.o.b.c.s.HCoapServer[addEndpoints:91] - Coaps port: 4433
2017/10/27-10:25:31.204 INFO  o.m.d.connection[info:71] - Opened connection [connectionId{localValue:64, serverValue:87}] to localhost:27017
2017/10/27-10:25:31.215 DEBUG o.m.d.p.query[debug:56] - Sending query of namespace IITP-IOT-TEST01.configuration on connection [connectionId{localValue:64, serverValue:87}] to server localhost:27017
2017/10/27-10:25:31.250 DEBUG o.m.d.p.query[debug:56] - Query completed
2017/10/27-10:25:31.252 DEBUG n.h.i.o.i.m.d.SeqNumDAO[getAllSequenceNumber:52] - Pass non integer sequence:_id
2017/10/27-10:25:31.253 DEBUG n.h.i.o.i.m.d.SeqNumDAO[getAllSequenceNumber:52] - Pass non integer sequence:CONFIGURATION_NAME
2017/10/27-10:25:31.253 INFO  n.h.i.o.i.f.QosManager[initialize:62] - QoS initialization started!!!
2017/10/27-10:25:31.281 DEBUG o.m.d.p.command[debug:56] - Sending command {count : BsonString{value='resource'}} to database IITP-IOT-TEST01 on connection [connectionId{localValue:64, serverValue:87}] to server localhost:27017
2017/10/27-10:25:31.287 DEBUG o.m.d.p.command[debug:56] - Command execution completed
2017/10/27-10:25:31.289 DEBUG o.m.d.p.command[debug:56] - Sending command {count : BsonString{value='resource'}} to database IITP-IOT-TEST01 on connection [connectionId{localValue:64, serverValue:87}] to server localhost:27017
2017/10/27-10:25:31.291 DEBUG o.m.d.p.command[debug:56] - Command execution completed
2017/10/27-10:25:31.291 INFO  n.h.i.o.i.f.QosManager[initialize:86] - AE- Max:1024, Current:2
2017/10/27-10:25:31.292 INFO  n.h.i.o.i.f.QosManager[initialize:87] - CSE- Max:300, Current:3
2017/10/27-10:25:31.292 INFO  n.h.i.o.i.f.QosManager[initialize:95] - QoS initialization ended!!!
2017/10/27-10:25:31.334 DEBUG n.h.i.o.i.m.d.CSEBaseDAO[retrieve:65] - retrieve id=/herit-cse, result content type=null
2017/10/27-10:25:35.292 DEBUG o.m.d.p.query[debug:56] - Sending query of namespace IITP-IOT-TEST01.resource on connection [connectionId{localValue:64, serverValue:87}] to server localhost:27017
2017/10/27-10:25:35.294 DEBUG o.m.d.p.query[debug:56] - Query completed
2017/10/27-10:25:35.300 DEBUG o.m.d.p.query[debug:56] - Sending query of namespace IITP-IOT-TEST01.resource on connection [connectionId{localValue:64, serverValue:87}] to server localhost:27017
2017/10/27-10:25:35.303 DEBUG o.m.d.p.query[debug:56] - Query completed
2017/10/27-10:25:35.331 DEBUG n.h.i.o.i.InCse[<init>:165] - Handled exception
net.herit.iot.onem2m.core.util.OneM2MException: Resource already exist!!! :/herit-in/herit-cse
	at net.herit.iot.onem2m.incse.manager.dao.ResourceDAO.create(ResourceDAO.java:151) ~[classes/:na]
	at net.herit.iot.onem2m.incse.manager.dao.CSEBaseDAO.create(CSEBaseDAO.java:45) ~[classes/:na]
	at net.herit.iot.onem2m.incse.manager.CSEBaseManager.createIfNotExist(CSEBaseManager.java:132) ~[classes/:na]
	at net.herit.iot.onem2m.incse.InCse.<init>(InCse.java:163) [classes/:na]
	at net.herit.iot.onem2m.incse.InCse.main(InCse.java:655) [classes/:na]
2017/10/27-10:25:35.526 DEBUG n.h.i.o.b.m.c.MqttClientHandler[connect:201] - MQTT] connected to mqtt borker.
2017/10/27-10:25:35.527 DEBUG n.h.i.o.b.m.c.MqttClientHandler[connect:106] - [MqttClientHandler.connect] connected! CES_ID : herit-in, BrokerURL : tcp://10.10.0.22:1883
2017/10/27-10:25:35.533 DEBUG n.h.i.o.b.m.c.MqttClientHandler[setSubscribe:337] - SUBSCRIBED. TOPIC = /oneM2M/req/+/herit-in
2017/10/27-10:25:35.590 DEBUG n.h.i.o.b.m.c.MqttClientHandler[setSubscribe:340] - SUBSCRIBED. TOPIC = /oneM2M/resp/herit-in/+
2017/10/27-10:25:38.662 DEBUG i.n.u.i.ThreadLocalRandom[debug:71] - -Dio.netty.initialSeedUniquifier: 0x4251f592c04ae6dd (took 0 ms)
2017/10/27-10:25:38.747 DEBUG i.n.b.ByteBufUtil[debug:76] - -Dio.netty.allocator.type: unpooled
2017/10/27-10:25:38.747 DEBUG i.n.b.ByteBufUtil[debug:76] - -Dio.netty.threadLocalDirectBufferSize: 65536
2017/10/27-10:25:38.748 DEBUG i.n.b.ByteBufUtil[debug:76] - -Dio.netty.maxThreadLocalCharBufferSize: 16384
2017/10/27-10:25:38.751 DEBUG i.n.u.NetUtil[debug:86] - Loopback interface: lo0 (lo0, 0:0:0:0:0:0:0:1)
2017/10/27-10:25:38.752 DEBUG i.n.u.NetUtil[debug:81] - /proc/sys/net/core/somaxconn: 128 (non-existent)
2017/10/27-10:25:38.766 DEBUG n.h.i.o.b.h.s.HttpServer[runAll:157] - Open your web browser and navigate to http://127.0.0.1:8080/
2017/10/27-10:25:38.788 INFO  i.n.h.l.LoggingHandler[info:101] - [id: 0x6716d284] REGISTERED
2017/10/27-10:25:38.789 INFO  i.n.h.l.LoggingHandler[info:101] - [id: 0x6716d284] BIND(0.0.0.0/0.0.0.0:8080)
2017/10/27-10:25:38.799 INFO  i.n.h.l.LoggingHandler[info:101] - [id: 0x6716d284, /0:0:0:0:0:0:0:0:8080] ACTIVE
2017/10/27-10:25:39.126 DEBUG i.n.b.AbstractByteBuf[debug:81] - -Dio.netty.buffer.bytebuf.checkAccessible: true
2017/10/27-10:25:39.129 DEBUG i.n.u.ResourceLeakDetector[debug:81] - -Dio.netty.leakDetection.level: simple
2017/10/27-10:25:39.130 DEBUG i.n.u.ResourceLeakDetector[debug:81] - -Dio.netty.leakDetection.maxRecords: 4
2017/10/27-10:25:39.207 DEBUG i.n.u.i.Cleaner0[debug:76] - java.nio.ByteBuffer.cleaner(): available
2017/10/27-10:25:39.231 DEBUG i.n.h.s.OpenSsl[debug:71] - netty-tcnative not in the classpath; OpenSslEngine will be unavailable.
2017/10/27-10:25:39.575 DEBUG i.n.h.s.JdkSslContext[debug:76] - Default protocols (JDK): [TLSv1.2, TLSv1.1, TLSv1] 
2017/10/27-10:25:39.576 DEBUG i.n.h.s.JdkSslContext[debug:76] - Default cipher suites (JDK): [TLS_ECDHE_RSA_WITH_AES_128_CBC_SHA, TLS_RSA_WITH_AES_128_CBC_SHA, SSL_RSA_WITH_3DES_EDE_CBC_SHA]
2017/10/27-10:25:39.591 INFO  i.n.h.l.LoggingHandler[info:101] - [id: 0xdb2643d8] REGISTERED
2017/10/27-10:25:39.591 INFO  i.n.h.l.LoggingHandler[info:101] - [id: 0xdb2643d8] BIND(0.0.0.0/0.0.0.0:8443)
2017/10/27-10:25:39.592 INFO  i.n.h.l.LoggingHandler[info:101] - [id: 0xdb2643d8, /0:0:0:0:0:0:0:0:8443] ACTIVE
2017/10/27-10:25:39.592 DEBUG n.h.i.o.b.h.s.HttpServer[runAll:157] - Open your web browser and navigate to https://127.0.0.1:8443/
2017/10/27-10:25:39.594 INFO  i.n.h.l.LoggingHandler[info:101] - [id: 0xb2df9cd1] REGISTERED
2017/10/27-10:25:39.597 INFO  i.n.h.l.LoggingHandler[info:101] - [id: 0xb2df9cd1] BIND(0.0.0.0/0.0.0.0:8081)
2017/10/27-10:25:39.598 INFO  i.n.h.l.LoggingHandler[info:101] - [id: 0xb2df9cd1, /0:0:0:0:0:0:0:0:8081] ACTIVE
2017/10/27-10:25:39.598 DEBUG n.h.i.o.b.h.s.HttpServer[runAll:157] - Open your web browser and navigate to http://127.0.0.1:8081/
2017/10/27-10:26:30.088 DEBUG o.m.d.connection[debug:56] - Ensuring minimum pooled connections to localhost:27017
2017/10/27-10:27:30.083 DEBUG o.m.d.connection[debug:56] - Ensuring minimum pooled connections to localhost:27017
2017/10/27-10:28:30.084 DEBUG o.m.d.connection[debug:56] - Ensuring minimum pooled connections to localhost:27017
2017/10/27-10:29:30.082 DEBUG o.m.d.connection[debug:56] - Ensuring minimum pooled connections to localhost:27017
2017/10/27-10:30:30.086 DEBUG o.m.d.connection[debug:56] - Ensuring minimum pooled connections to localhost:27017
2017/10/27-10:31:30.083 DEBUG o.m.d.connection[debug:56] - Ensuring minimum pooled connections to localhost:27017
2017/10/27-10:32:30.088 DEBUG o.m.d.connection[debug:56] - Ensuring minimum pooled connections to localhost:27017
2017/10/27-10:33:30.087 DEBUG o.m.d.connection[debug:56] - Ensuring minimum pooled connections to localhost:27017
2017/10/27-10:34:30.085 DEBUG o.m.d.connection[debug:56] - Ensuring minimum pooled connections to localhost:27017
2017/10/27-10:35:30.084 DEBUG o.m.d.connection[debug:56] - Ensuring minimum pooled connections to localhost:27017
2017/10/27-10:36:30.090 DEBUG o.m.d.connection[debug:56] - Ensuring minimum pooled connections to localhost:27017
2017/10/27-10:37:10.644 DEBUG n.h.i.o.i.InCse[receiveCoapRequest:499] - >> RECVD CoAP MESSAGE:
2017/10/27-10:37:10.644 DEBUG n.h.i.o.i.InCse[receiveCoapRequest:500] - Options format=-1
2017/10/27-10:37:10.645 DEBUG n.h.i.o.i.InCse[receiveCoapRequest:502] - RequestCode=GET
2017/10/27-10:37:10.645 DEBUG n.h.i.o.i.InCse[receiveCoapRequest:503] - RequestPayload=[B@6890f7c5
2017/10/27-10:37:10.650 DEBUG n.h.i.o.i.InCse[receiveCoapRequest:504] - Options={"Uri-Path":["herit-in","herit-cse"], "Accept":"application/json", "Unknown (256)":0x61655f30303031, "Unknown (257)":0x7265715f323232323232}
2017/10/27-10:37:10.651 DEBUG n.h.i.o.i.InCse[receiveCoapRequest:505] - UriPath=herit-in/herit-cse
2017/10/27-10:37:10.651 DEBUG n.h.i.o.i.InCse[receiveCoapRequest:507] - 
2017/10/27-10:37:10.668 DEBUG n.h.i.o.i.InCse[receiveCoapRequest:516] - 
 Operation=RETRIEVE
 To=/herit-in/herit-cse
 From:ae_0001
 RemoteHost:10.10.0.18
 RequestIdentifier:req_222222
 ResourceType:NONE
 OriginatingTimestamp:null
 RequestExpirationTimestamp:null
 ResultExpirationTimestamp:null
 OperationExecutionTime:null
 ResponseType:NONE: 
 ResultPersistence:null
 ResultContent:ATTRIBUTES
 EventCategory:null
 DeliveryAggregation:null
 GroupRequestIdentifier:null
 DiscoveryResultType:NONE
 Accept:application/json
 ContentType:
 Content exist.

2017/10/27-10:37:10.671 DEBUG o.m.d.p.query[debug:56] - Sending query of namespace IITP-IOT-TEST01.resource on connection [connectionId{localValue:64, serverValue:87}] to server localhost:27017
2017/10/27-10:37:10.673 DEBUG o.m.d.p.query[debug:56] - Query completed
2017/10/27-10:37:10.674 DEBUG n.h.i.o.i.f.QosManager[checkCseTps:179] - checkCseTps:ae_0001
2017/10/27-10:37:10.691 DEBUG n.h.i.o.i.OperationProcessor[getForwardingUriIfNeeded:297] - to=/herit-in/herit-cse
2017/10/27-10:37:10.691 DEBUG n.h.i.o.i.OperationProcessor[revisePrimitiveRequest:267] - revisePrimitiveRequest: /herit-in/herit-cse
2017/10/27-10:37:10.704 DEBUG o.m.d.p.query[debug:56] - Sending query of namespace IITP-IOT-TEST01.resource on connection [connectionId{localValue:64, serverValue:87}] to server localhost:27017
2017/10/27-10:37:10.706 DEBUG o.m.d.p.query[debug:56] - Query completed
2017/10/27-10:37:10.708 DEBUG o.m.d.p.query[debug:56] - Sending query of namespace IITP-IOT-TEST01.resource on connection [connectionId{localValue:64, serverValue:87}] to server localhost:27017
2017/10/27-10:37:10.710 DEBUG o.m.d.p.query[debug:56] - Query completed
2017/10/27-10:37:10.711 DEBUG n.h.i.o.i.m.d.CSEBaseDAO[retrieve:65] - retrieve id=/herit-in/herit-cse, result content type=ATTRIBUTE
2017/10/27-10:37:10.712 DEBUG o.m.d.p.query[debug:56] - Sending query of namespace IITP-IOT-TEST01.resource on connection [connectionId{localValue:64, serverValue:87}] to server localhost:27017
2017/10/27-10:37:10.715 DEBUG o.m.d.p.query[debug:56] - Query completed
2017/10/27-10:37:10.969 DEBUG n.h.i.o.i.m.Manager[getResourceFromDB:59] - resourceId: /herit-in
2017/10/27-10:37:10.970 DEBUG o.m.d.p.query[debug:56] - Sending query of namespace IITP-IOT-TEST01.resource on connection [connectionId{localValue:64, serverValue:87}] to server localhost:27017
2017/10/27-10:37:10.971 DEBUG o.m.d.p.query[debug:56] - Query completed
2017/10/27-10:37:10.972 DEBUG n.h.i.o.i.m.Manager[retrieveResource:695] - Retrieve [BasicResource]
id:null
uri:/herit-in/herit-cse
resourceName:herit-cse
resourceType:5
resourceID:herit-in
parentID:null
creationTime:20171025T111404
lastModifiedTime:20171025T111404
labels:null

2017/10/27-10:37:10.974 DEBUG n.h.i.m.o.OneM2mResponse[<init>:209] - OneM2mResponse initialized with request!
2017/10/27-10:37:10.974 DEBUG n.h.i.o.r.Resource[processEx:102] - process
2017/10/27-10:37:10.974 DEBUG n.h.i.o.r.Resource[process:117] - ResourceManager.process
2017/10/27-10:37:12.746 DEBUG n.h.i.o.i.InCse[sendCoapResponse:559] - << SEND CoAP MESSAGE:
2017/10/27-10:37:12.759 DEBUG n.h.i.o.i.InCse[sendCoapResponse:560] - null-2.05   MID=   -1, Token=null, OptionSet={"Location-Path":["herit-in","herit-cse"], "Content-Format":"application/json", "Unknown (256)":0x2f2f31302e31302e302e32322f68657269742d696e, "Unknown (257)":0x7265715f323232323232, "Unknown (265)":0x07d0}, "{
   "m2m:cb" : {
      ".. 302 bytes
2017/10/27-10:37:12.760 DEBUG n.h.i.o.i.InCse[sendCoapResponse:561] - {
   "m2m:cb" : {
      "rn" : "herit-cse",
      "ty" : 5,
      "ri" : "herit-in",
      "ct" : "20171025T111404",
      "lt" : "20171025T111404",
      "cst" : 1,
      "csi" : "/herit-in",
      "srt" : [ 1, 2, 3, 4, 5, 9, 14, 15, 16, 17, 23, 18 ],
      "poa" : [ "http://10.10.0.22:8080" ]
   }
}
2017/10/27-10:37:30.083 DEBUG o.m.d.connection[debug:56] - Ensuring minimum pooled connections to localhost:27017
2017/10/27-10:38:18.719 DEBUG n.h.i.o.i.InCse[receiveCoapRequest:499] - >> RECVD CoAP MESSAGE:
2017/10/27-10:38:18.723 DEBUG n.h.i.o.i.InCse[receiveCoapRequest:500] - Options format=-1
2017/10/27-10:38:18.724 DEBUG n.h.i.o.i.InCse[receiveCoapRequest:502] - RequestCode=GET
2017/10/27-10:38:18.724 DEBUG n.h.i.o.i.InCse[receiveCoapRequest:503] - RequestPayload=[B@1065535
2017/10/27-10:38:18.726 DEBUG n.h.i.o.i.InCse[receiveCoapRequest:504] - Options={"Uri-Path":["herit-in","herit-cse"], "Accept":"application/xml", "Unknown (256)":0x61655f30303031, "Unknown (257)":0x7265715f323232323232}
2017/10/27-10:38:18.726 DEBUG n.h.i.o.i.InCse[receiveCoapRequest:505] - UriPath=herit-in/herit-cse
2017/10/27-10:38:18.727 DEBUG n.h.i.o.i.InCse[receiveCoapRequest:507] - 
2017/10/27-10:38:18.727 DEBUG n.h.i.o.i.InCse[receiveCoapRequest:516] - 
 Operation=RETRIEVE
 To=/herit-in/herit-cse
 From:ae_0001
 RemoteHost:10.10.0.18
 RequestIdentifier:req_222222
 ResourceType:NONE
 OriginatingTimestamp:null
 RequestExpirationTimestamp:null
 ResultExpirationTimestamp:null
 OperationExecutionTime:null
 ResponseType:NONE: 
 ResultPersistence:null
 ResultContent:ATTRIBUTES
 EventCategory:null
 DeliveryAggregation:null
 GroupRequestIdentifier:null
 DiscoveryResultType:NONE
 Accept:application/xml
 ContentType:
 Content exist.

2017/10/27-10:38:18.728 DEBUG o.m.d.p.query[debug:56] - Sending query of namespace IITP-IOT-TEST01.resource on connection [connectionId{localValue:64, serverValue:87}] to server localhost:27017
2017/10/27-10:38:18.729 DEBUG o.m.d.p.query[debug:56] - Query completed
2017/10/27-10:38:18.730 DEBUG n.h.i.o.i.f.QosManager[checkCseTps:179] - checkCseTps:ae_0001
2017/10/27-10:38:18.730 DEBUG n.h.i.o.i.OperationProcessor[getForwardingUriIfNeeded:297] - to=/herit-in/herit-cse
2017/10/27-10:38:18.731 DEBUG n.h.i.o.i.OperationProcessor[revisePrimitiveRequest:267] - revisePrimitiveRequest: /herit-in/herit-cse
2017/10/27-10:38:18.732 DEBUG o.m.d.p.query[debug:56] - Sending query of namespace IITP-IOT-TEST01.resource on connection [connectionId{localValue:64, serverValue:87}] to server localhost:27017
2017/10/27-10:38:18.733 DEBUG o.m.d.p.query[debug:56] - Query completed
2017/10/27-10:38:18.734 DEBUG o.m.d.p.query[debug:56] - Sending query of namespace IITP-IOT-TEST01.resource on connection [connectionId{localValue:64, serverValue:87}] to server localhost:27017
2017/10/27-10:38:18.735 DEBUG o.m.d.p.query[debug:56] - Query completed
2017/10/27-10:38:18.736 DEBUG n.h.i.o.i.m.d.CSEBaseDAO[retrieve:65] - retrieve id=/herit-in/herit-cse, result content type=ATTRIBUTE
2017/10/27-10:38:18.736 DEBUG o.m.d.p.query[debug:56] - Sending query of namespace IITP-IOT-TEST01.resource on connection [connectionId{localValue:64, serverValue:87}] to server localhost:27017
2017/10/27-10:38:18.738 DEBUG o.m.d.p.query[debug:56] - Query completed
2017/10/27-10:38:18.742 DEBUG n.h.i.o.i.m.Manager[getResourceFromDB:59] - resourceId: /herit-in
2017/10/27-10:38:18.743 DEBUG o.m.d.p.query[debug:56] - Sending query of namespace IITP-IOT-TEST01.resource on connection [connectionId{localValue:64, serverValue:87}] to server localhost:27017
2017/10/27-10:38:18.744 DEBUG o.m.d.p.query[debug:56] - Query completed
2017/10/27-10:38:18.744 DEBUG n.h.i.o.i.m.Manager[retrieveResource:695] - Retrieve [BasicResource]
id:null
uri:/herit-in/herit-cse
resourceName:herit-cse
resourceType:5
resourceID:herit-in
parentID:null
creationTime:20171025T111404
lastModifiedTime:20171025T111404
labels:null

2017/10/27-10:38:18.745 DEBUG n.h.i.m.o.OneM2mResponse[<init>:209] - OneM2mResponse initialized with request!
2017/10/27-10:38:18.745 DEBUG n.h.i.o.r.Resource[processEx:102] - process
2017/10/27-10:38:18.745 DEBUG n.h.i.o.r.Resource[process:117] - ResourceManager.process
2017/10/27-10:38:20.135 DEBUG n.h.i.o.i.InCse[sendCoapResponse:559] - << SEND CoAP MESSAGE:
2017/10/27-10:38:20.140 DEBUG n.h.i.o.i.InCse[sendCoapResponse:560] - null-2.05   MID=   -1, Token=null, OptionSet={"Location-Path":["herit-in","herit-cse"], "Content-Format":"application/xml", "Unknown (256)":0x2f2f31302e31302e302e32322f68657269742d696e, "Unknown (257)":0x7265715f323232323232, "Unknown (265)":0x07d0}, "<?xml version="1.0" enco".. 467 bytes
2017/10/27-10:38:20.140 DEBUG n.h.i.o.i.InCse[sendCoapResponse:561] - <?xml version="1.0" encoding="utf-8"?>
<m2m:cb xsi:schemaLocation="http://www.onem2m.org/xml/protocols CDT-CSEBase-v2_7_0.xsd" xmlns:m2m="http://www.onem2m.org/xml/protocols" xmlns:xsi="http://www.w3.org/2001/XMLSchema-instance" rn="herit-cse">
   <ty>5</ty>
   <ri>herit-in</ri>
   <ct>20171025T111404</ct>
   <lt>20171025T111404</lt>
   <cst>1</cst>
   <csi>/herit-in</csi>
   <srt>1 2 3 4 5 9 14 15 16 17 23 18</srt>
   <poa>http://10.10.0.22:8080</poa>
</m2m:cb>

2017/10/27-10:38:30.083 DEBUG o.m.d.connection[debug:56] - Ensuring minimum pooled connections to localhost:27017
2017/10/27-10:39:30.084 DEBUG o.m.d.connection[debug:56] - Ensuring minimum pooled connections to localhost:27017
2017/10/27-10:40:30.083 DEBUG o.m.d.connection[debug:56] - Ensuring minimum pooled connections to localhost:27017
2017/10/27-10:41:22.830 DEBUG n.h.i.o.i.InCse[receiveCoapRequest:499] - >> RECVD CoAP MESSAGE:
2017/10/27-10:41:22.833 DEBUG n.h.i.o.i.InCse[receiveCoapRequest:500] - Options format=41
2017/10/27-10:41:22.834 DEBUG n.h.i.o.i.InCse[receiveCoapRequest:502] - RequestCode=POST
2017/10/27-10:41:22.834 DEBUG n.h.i.o.i.InCse[receiveCoapRequest:503] - RequestPayload=[B@2eb3d215
2017/10/27-10:41:22.836 DEBUG n.h.i.o.i.InCse[receiveCoapRequest:504] - Options={"Uri-Path":["herit-in","herit-cse","ae_0002"], "Content-Format":"application/xml", "Accept":"application/xml", "Unknown (256)":0x61655f30303031, "Unknown (257)":0x7265715f323232323232, "Unknown (267)":0x03}
2017/10/27-10:41:22.836 DEBUG n.h.i.o.i.InCse[receiveCoapRequest:505] - UriPath=herit-in/herit-cse/ae_0002
2017/10/27-10:41:22.837 DEBUG n.h.i.o.i.InCse[receiveCoapRequest:507] - <?xml version="1.0" encoding="utf-8"?>
<m2m:cnt xsi:schemaLocation="http://www.onem2m.org/xml/protocols CDT-container-v2_7_0.xsd " xmlns:m2m="http://www.onem2m.org/xml/protocols" xmlns:xsi="http://www.w3.org/2001/XMLSchema-instance" rn="CNT003">
   <lbl>key2</lbl>
</m2m:cnt>

2017/10/27-10:41:22.837 DEBUG n.h.i.o.i.InCse[receiveCoapRequest:516] - 
 Operation=CREATE
 To=/herit-in/herit-cse/ae_0002
 From:ae_0001
 RemoteHost:10.10.0.18
 RequestIdentifier:req_222222
 ResourceType:container
 OriginatingTimestamp:null
 RequestExpirationTimestamp:null
 ResultExpirationTimestamp:null
 OperationExecutionTime:null
 ResponseType:NONE: 
 ResultPersistence:null
 ResultContent:ATTRIBUTES
 EventCategory:null
 DeliveryAggregation:null
 GroupRequestIdentifier:null
 DiscoveryResultType:NONE
 Accept:application/xml
 ContentType:application/xml
 Content exist.

2017/10/27-10:41:22.838 DEBUG o.m.d.p.query[debug:56] - Sending query of namespace IITP-IOT-TEST01.resource on connection [connectionId{localValue:64, serverValue:87}] to server localhost:27017
2017/10/27-10:41:22.840 DEBUG o.m.d.p.query[debug:56] - Query completed
2017/10/27-10:41:22.841 DEBUG n.h.i.o.i.f.QosManager[checkCseTps:179] - checkCseTps:ae_0001
2017/10/27-10:41:22.841 DEBUG n.h.i.o.i.OperationProcessor[getForwardingUriIfNeeded:297] - to=/herit-in/herit-cse/ae_0002
2017/10/27-10:41:22.842 DEBUG n.h.i.o.i.OperationProcessor[revisePrimitiveRequest:267] - revisePrimitiveRequest: /herit-in/herit-cse/ae_0002
2017/10/27-10:41:22.843 DEBUG o.m.d.p.query[debug:56] - Sending query of namespace IITP-IOT-TEST01.resource on connection [connectionId{localValue:64, serverValue:87}] to server localhost:27017
2017/10/27-10:41:22.844 DEBUG o.m.d.p.query[debug:56] - Query completed
2017/10/27-10:41:23.650 DEBUG o.m.d.p.query[debug:56] - Sending query of namespace IITP-IOT-TEST01.configuration on connection [connectionId{localValue:64, serverValue:87}] to server localhost:27017
2017/10/27-10:41:23.652 DEBUG o.m.d.p.query[debug:56] - Query completed
2017/10/27-10:41:23.661 DEBUG o.m.d.p.command[debug:56] - Sending command {findandmodify : BsonString{value='configuration'}} to database IITP-IOT-TEST01 on connection [connectionId{localValue:64, serverValue:87}] to server localhost:27017
2017/10/27-10:41:23.664 DEBUG o.m.d.p.command[debug:56] - Command execution completed
2017/10/27-10:41:23.666 DEBUG n.h.i.o.i.m.d.SeqNumDAO[setSequence:77] - Document{{_id=59eff36897647a02d8baf16b, CONFIGURATION_NAME=SEQUENCE, AE=0, subscription=2, container=7}}
2017/10/27-10:41:23.666 DEBUG n.h.i.o.i.m.Manager[getResourceFromDB:59] - resourceId: /herit-in/herit-cse/ae_0002
2017/10/27-10:41:23.667 DEBUG o.m.d.p.query[debug:56] - Sending query of namespace IITP-IOT-TEST01.resource on connection [connectionId{localValue:64, serverValue:87}] to server localhost:27017
2017/10/27-10:41:23.670 DEBUG o.m.d.p.query[debug:56] - Query completed
2017/10/27-10:41:23.671 DEBUG n.h.i.o.i.m.d.ResourceDAO[getResource:765] - { "_id" : { "$oid" : "59f14b6b97647a0604415c94" }, "rn" : "ae_0002", "ty" : 2, "ri" : "ae_0002", "pi" : "herit-in", "lbl" : ["mqtt_ae_test"], "et" : "20171231T235555", "apn" : "MQTT_APP_0019", "api" : "MQTT_APP_ID_0019", "aei" : "/herit-in/herit-cse/ae_0002", "poa" : ["10.10.0.18:8080"], "rr" : false, "_uri" : "/herit-in/herit-cse/ae_0002", "ct" : "20171026T114147", "lt" : "20171026T114147" }
2017/10/27-10:41:24.638 DEBUG o.m.d.p.query[debug:56] - Sending query of namespace IITP-IOT-TEST01.resource on connection [connectionId{localValue:64, serverValue:87}] to server localhost:27017
2017/10/27-10:41:24.640 DEBUG o.m.d.p.query[debug:56] - Query completed
2017/10/27-10:41:24.640 DEBUG n.h.i.o.i.m.AbsManager[validateResource:117] - AbsManager.validate called:null,CREATE
2017/10/27-10:41:24.641 DEBUG n.h.i.o.i.m.d.ContainerDAO[create:78] - container.getMaxNrOfInstances ==>50
2017/10/27-10:41:24.642 DEBUG o.m.d.p.query[debug:56] - Sending query of namespace IITP-IOT-TEST01.resource on connection [connectionId{localValue:64, serverValue:87}] to server localhost:27017
2017/10/27-10:41:24.644 DEBUG o.m.d.p.query[debug:56] - Query completed
2017/10/27-10:41:25.524 DEBUG n.h.i.o.i.m.d.ResourceDAO[create:157] - Res json: {
   "rn" : "CNT003",
   "ty" : 3,
   "ri" : "CONTAINER_8",
   "pi" : "ae_0002",
   "lbl" : [ "key2" ],
   "et" : "20171030T104124",
   "st" : 0,
   "cr" : "ae_0001",
   "mni" : 50,
   "mbs" : 102400,
   "mia" : 36000,
   "cni" : 0,
   "cbs" : 0
} 
2017/10/27-10:41:25.708 DEBUG o.m.d.p.insert[debug:56] - Inserting 1 documents into namespace IITP-IOT-TEST01.resource on connection [connectionId{localValue:64, serverValue:87}] to server localhost:27017
2017/10/27-10:41:25.715 DEBUG o.m.d.p.insert[debug:56] - Insert completed
2017/10/27-10:41:25.719 DEBUG n.h.i.o.i.c.AnnounceController[announce:407] - reqResource: [BasicResource]
id:null
uri:/herit-in/herit-cse/ae_0002/CNT003
resourceName:CNT003
resourceType:3
resourceID:CONTAINER_8
parentID:ae_0002
creationTime:20171027T104125
lastModifiedTime:20171027T104125
labels:[key2]
[RegularResource]
accessControlPolicyIDs: null
expirationTime: 20171030T104124
dynamicAuthorizationConsultationIDs: null
announceTo: null

announcedAttribute: null
[container]
creator:ae_0001
maxNrOfInstance:50
maxByteSize:102400
maxInstanceAge:36000
currentNrOfInstances:0
currentByteSize:0
locationID:null
ontologyRef:null
, orgResource: null
2017/10/27-10:41:25.721 DEBUG n.h.i.o.i.c.AnnounceController[createAnncDoc:158] - announce All Atrributes: [ri, rn, et, acpi, lbl]
2017/10/27-10:41:25.721 DEBUG n.h.i.o.i.c.AnnounceController[createAnncDoc:165] - res: Document{{rn=CNT003, ty=3, ri=CONTAINER_8, pi=ae_0002, ct=20171027T104125, lt=20171027T104125, lbl=[key2], et=20171030T104124, st=0, cr=ae_0001, mni=50, mbs=102400, mia=36000, cni=0, cbs=0}}, 
 annc: Document{{ty=10003, ri=CONTAINER_8, rn=CNT003, et=20171030T104124, acpi=null, lbl=[key2]}}
2017/10/27-10:41:25.722 DEBUG n.h.i.m.o.OneM2mResponse[<init>:209] - OneM2mResponse initialized with request!
2017/10/27-10:41:25.727 DEBUG o.m.d.p.query[debug:56] - Sending query of namespace IITP-IOT-TEST01.resource on connection [connectionId{localValue:64, serverValue:87}] to server localhost:27017
2017/10/27-10:41:25.728 DEBUG o.m.d.p.query[debug:56] - Query completed
2017/10/27-10:41:25.729 DEBUG o.m.d.p.query[debug:56] - Sending query of namespace IITP-IOT-TEST01.resource on connection [connectionId{localValue:64, serverValue:87}] to server localhost:27017
2017/10/27-10:41:25.731 DEBUG o.m.d.p.query[debug:56] - Query completed
2017/10/27-10:41:25.731 DEBUG n.h.i.o.i.c.NotificationController[notify:501] - subscriptions:[]
2017/10/27-10:41:25.732 DEBUG n.h.i.o.r.Resource[processEx:102] - process
2017/10/27-10:41:25.732 DEBUG n.h.i.o.r.Resource[process:117] - ResourceManager.process
2017/10/27-10:41:25.733 DEBUG n.h.i.o.i.InCse[sendCoapResponse:559] - << SEND CoAP MESSAGE:
2017/10/27-10:41:25.736 DEBUG n.h.i.o.i.InCse[sendCoapResponse:560] - null-2.01   MID=   -1, Token=null, OptionSet={"Location-Path":["herit-in","herit-cse","ae_0002","CNT003"], "Content-Format":"application/xml", "Unknown (256)":0x2f2f31302e31302e302e32322f68657269742d696e, "Unknown (257)":0x7265715f323232323232, "Unknown (265)":0x07d1}, "<?xml version="1.0" enco".. 542 bytes
2017/10/27-10:41:25.737 DEBUG n.h.i.o.i.InCse[sendCoapResponse:561] - <?xml version="1.0" encoding="utf-8"?>
<m2m:cnt xsi:schemaLocation="http://www.onem2m.org/xml/protocols CDT-container-v2_7_0.xsd " xmlns:m2m="http://www.onem2m.org/xml/protocols" xmlns:xsi="http://www.w3.org/2001/XMLSchema-instance" rn="CNT003">
   <ty>3</ty>
   <ri>CONTAINER_8</ri>
   <pi>ae_0002</pi>
   <ct>20171027T104125</ct>
   <lt>20171027T104125</lt>
   <lbl>key2</lbl>
   <et>20171030T104124</et>
   <st>0</st>
   <cr>ae_0001</cr>
   <mni>50</mni>
   <mbs>102400</mbs>
   <mia>36000</mia>
   <cni>0</cni>
   <cbs>0</cbs>
</m2m:cnt>

2017/10/27-10:41:30.084 DEBUG o.m.d.connection[debug:56] - Ensuring minimum pooled connections to localhost:27017
2017/10/27-10:42:30.086 DEBUG o.m.d.connection[debug:56] - Ensuring minimum pooled connections to localhost:27017
2017/10/27-10:42:41.373 DEBUG n.h.i.o.i.InCse[receiveCoapRequest:499] - >> RECVD CoAP MESSAGE:
2017/10/27-10:42:41.374 DEBUG n.h.i.o.i.InCse[receiveCoapRequest:500] - Options format=41
2017/10/27-10:42:41.374 DEBUG n.h.i.o.i.InCse[receiveCoapRequest:502] - RequestCode=PUT
2017/10/27-10:42:41.374 DEBUG n.h.i.o.i.InCse[receiveCoapRequest:503] - RequestPayload=[B@5171192c
2017/10/27-10:42:41.376 DEBUG n.h.i.o.i.InCse[receiveCoapRequest:504] - Options={"Uri-Path":["herit-in","herit-cse","ae_0002","CNT003"], "Content-Format":"application/xml", "Accept":"application/xml", "Unknown (256)":0x61655f30303031, "Unknown (257)":0x7265715f323232323232}
2017/10/27-10:42:41.376 DEBUG n.h.i.o.i.InCse[receiveCoapRequest:505] - UriPath=herit-in/herit-cse/ae_0002/CNT003
2017/10/27-10:42:41.377 DEBUG n.h.i.o.i.InCse[receiveCoapRequest:507] - <?xml version="1.0" encoding="utf-8"?>
<m2m:cnt xsi:schemaLocation="http://www.onem2m.org/xml/protocols CDT-container-v2_7_0.xsd " xmlns:m2m="http://www.onem2m.org/xml/protocols" xmlns:xsi="http://www.w3.org/2001/XMLSchema-instance">
   <lbl>label1</lbl>
</m2m:cnt>

2017/10/27-10:42:41.377 DEBUG n.h.i.o.i.InCse[receiveCoapRequest:516] - 
 Operation=UPDATE
 To=/herit-in/herit-cse/ae_0002/CNT003
 From:ae_0001
 RemoteHost:10.10.0.18
 RequestIdentifier:req_222222
 ResourceType:NONE
 OriginatingTimestamp:null
 RequestExpirationTimestamp:null
 ResultExpirationTimestamp:null
 OperationExecutionTime:null
 ResponseType:NONE: 
 ResultPersistence:null
 ResultContent:ATTRIBUTES
 EventCategory:null
 DeliveryAggregation:null
 GroupRequestIdentifier:null
 DiscoveryResultType:NONE
 Accept:application/xml
 ContentType:application/xml
 Content exist.

2017/10/27-10:42:41.378 DEBUG o.m.d.p.query[debug:56] - Sending query of namespace IITP-IOT-TEST01.resource on connection [connectionId{localValue:64, serverValue:87}] to server localhost:27017
2017/10/27-10:42:41.379 DEBUG o.m.d.p.query[debug:56] - Query completed
2017/10/27-10:42:41.380 DEBUG n.h.i.o.i.f.QosManager[checkCseTps:179] - checkCseTps:ae_0001
2017/10/27-10:42:41.380 DEBUG n.h.i.o.i.OperationProcessor[getForwardingUriIfNeeded:297] - to=/herit-in/herit-cse/ae_0002/CNT003
2017/10/27-10:42:41.381 DEBUG n.h.i.o.i.OperationProcessor[revisePrimitiveRequest:267] - revisePrimitiveRequest: /herit-in/herit-cse/ae_0002/CNT003
2017/10/27-10:42:41.382 DEBUG o.m.d.p.query[debug:56] - Sending query of namespace IITP-IOT-TEST01.resource on connection [connectionId{localValue:64, serverValue:87}] to server localhost:27017
2017/10/27-10:42:41.383 DEBUG o.m.d.p.query[debug:56] - Query completed
2017/10/27-10:42:41.385 DEBUG o.m.d.p.query[debug:56] - Sending query of namespace IITP-IOT-TEST01.resource on connection [connectionId{localValue:64, serverValue:87}] to server localhost:27017
2017/10/27-10:42:41.386 DEBUG o.m.d.p.query[debug:56] - Query completed
2017/10/27-10:42:41.389 DEBUG o.m.d.p.query[debug:56] - Sending query of namespace IITP-IOT-TEST01.resource on connection [connectionId{localValue:64, serverValue:87}] to server localhost:27017
2017/10/27-10:42:41.391 DEBUG o.m.d.p.query[debug:56] - Query completed
2017/10/27-10:42:41.402 DEBUG n.h.i.o.i.m.Manager[getResourceFromDB:59] - resourceId: /herit-in/herit-cse/ae_0002
2017/10/27-10:42:41.403 DEBUG o.m.d.p.query[debug:56] - Sending query of namespace IITP-IOT-TEST01.resource on connection [connectionId{localValue:64, serverValue:87}] to server localhost:27017
2017/10/27-10:42:41.404 DEBUG o.m.d.p.query[debug:56] - Query completed
2017/10/27-10:42:41.405 DEBUG n.h.i.o.i.m.d.ResourceDAO[getResource:765] - { "_id" : { "$oid" : "59f14b6b97647a0604415c94" }, "rn" : "ae_0002", "ty" : 2, "ri" : "ae_0002", "pi" : "herit-in", "lbl" : ["mqtt_ae_test"], "et" : "20171231T235555", "apn" : "MQTT_APP_0019", "api" : "MQTT_APP_ID_0019", "aei" : "/herit-in/herit-cse/ae_0002", "poa" : ["10.10.0.18:8080"], "rr" : false, "_uri" : "/herit-in/herit-cse/ae_0002", "ct" : "20171026T114147", "lt" : "20171026T114147" }
2017/10/27-10:42:41.410 DEBUG n.h.i.o.i.m.AbsManager[validateResource:117] - AbsManager.validate called:null,UPDATE
2017/10/27-10:42:41.410 DEBUG o.m.d.p.query[debug:56] - Sending query of namespace IITP-IOT-TEST01.resource on connection [connectionId{localValue:64, serverValue:87}] to server localhost:27017
2017/10/27-10:42:41.412 DEBUG o.m.d.p.query[debug:56] - Query completed
2017/10/27-10:42:41.420 DEBUG o.m.d.p.command[debug:56] - Sending command {findandmodify : BsonString{value='resource'}} to database IITP-IOT-TEST01 on connection [connectionId{localValue:64, serverValue:87}] to server localhost:27017
2017/10/27-10:42:41.423 DEBUG o.m.d.p.command[debug:56] - Command execution completed
2017/10/27-10:42:41.423 DEBUG n.h.i.o.i.m.d.ResourceDAO[update:203] - Document{{_id=59f28ec597647a09c5f4cf10, rn=CNT003, ty=3, ri=CONTAINER_8, pi=ae_0002, lbl=[key2], et=20171030T104124, st=0, cr=ae_0001, mni=50, mbs=102400, mia=36000, cni=0, cbs=0, _uri=/herit-in/herit-cse/ae_0002/CNT003, ct=20171027T104125, lt=20171027T104125}}
2017/10/27-10:42:41.424 DEBUG n.h.i.m.o.OneM2mResponse[<init>:209] - OneM2mResponse initialized with request!
2017/10/27-10:42:41.424 DEBUG n.h.i.o.i.m.Manager[updateResource:572] - ResutlContentType: ATTRIBUTE
2017/10/27-10:42:41.424 DEBUG n.h.i.o.i.c.AnnounceController[announce:407] - reqResource: [BasicResource]
id:null
uri:/herit-in/herit-cse/ae_0002/CNT003
resourceName:null
resourceType:3
resourceID:null
parentID:ae_0002
creationTime:null
lastModifiedTime:20171027T104241
labels:[label1]
[RegularResource]
accessControlPolicyIDs: null
expirationTime: null
dynamicAuthorizationConsultationIDs: null
announceTo: null

announcedAttribute: null
[container]
creator:null
maxNrOfInstance:null
maxByteSize:null
maxInstanceAge:null
currentNrOfInstances:null
currentByteSize:null
locationID:null
ontologyRef:null
, orgResource: [BasicResource]
id:null
uri:/herit-in/herit-cse/ae_0002/CNT003
resourceName:CNT003
resourceType:3
resourceID:CONTAINER_8
parentID:ae_0002
creationTime:20171027T104125
lastModifiedTime:20171027T104125
labels:[key2]
[RegularResource]
accessControlPolicyIDs: null
expirationTime: 20171030T104124
dynamicAuthorizationConsultationIDs: null
announceTo: null

announcedAttribute: null
[container]
creator:ae_0001
maxNrOfInstance:50
maxByteSize:102400
maxInstanceAge:36000
currentNrOfInstances:0
currentByteSize:0
locationID:null
ontologyRef:null

2017/10/27-10:42:41.425 DEBUG n.h.i.o.i.c.AnnounceController[createAnncDoc:158] - announce All Atrributes: [ri, rn, et, acpi, lbl]
2017/10/27-10:42:41.426 DEBUG n.h.i.o.i.c.AnnounceController[createAnncDoc:165] - res: Document{{ty=3, pi=ae_0002, lt=20171027T104241, lbl=[label1], st=1}}, 
 annc: Document{{ty=10003, ri=null, rn=null, et=null, acpi=null, lbl=[label1]}}
2017/10/27-10:42:41.427 DEBUG o.m.d.p.query[debug:56] - Sending query of namespace IITP-IOT-TEST01.resource on connection [connectionId{localValue:64, serverValue:87}] to server localhost:27017
2017/10/27-10:42:41.429 DEBUG o.m.d.p.query[debug:56] - Query completed
2017/10/27-10:42:41.435 DEBUG o.m.d.p.query[debug:56] - Sending query of namespace IITP-IOT-TEST01.resource on connection [connectionId{localValue:64, serverValue:87}] to server localhost:27017
2017/10/27-10:42:41.439 DEBUG o.m.d.p.query[debug:56] - Query completed
2017/10/27-10:42:41.440 DEBUG o.m.d.p.query[debug:56] - Sending query of namespace IITP-IOT-TEST01.resource on connection [connectionId{localValue:64, serverValue:87}] to server localhost:27017
2017/10/27-10:42:41.442 DEBUG o.m.d.p.query[debug:56] - Query completed
2017/10/27-10:42:41.443 DEBUG n.h.i.o.i.c.NotificationController[notify:501] - subscriptions:[]
2017/10/27-10:42:41.444 DEBUG o.m.d.p.query[debug:56] - Sending query of namespace IITP-IOT-TEST01.resource on connection [connectionId{localValue:64, serverValue:87}] to server localhost:27017
2017/10/27-10:42:41.455 DEBUG o.m.d.p.query[debug:56] - Query completed
2017/10/27-10:42:41.461 DEBUG n.h.i.m.o.OneM2mResponse[<init>:209] - OneM2mResponse initialized with request!
2017/10/27-10:42:41.461 DEBUG n.h.i.o.r.Resource[processEx:102] - process
2017/10/27-10:42:41.462 DEBUG n.h.i.o.r.Resource[process:117] - ResourceManager.process
2017/10/27-10:42:41.463 DEBUG n.h.i.o.i.InCse[sendCoapResponse:559] - << SEND CoAP MESSAGE:
2017/10/27-10:42:41.466 DEBUG n.h.i.o.i.InCse[sendCoapResponse:560] - null-2.04   MID=   -1, Token=null, OptionSet={"Location-Path":["herit-in","herit-cse","ae_0002","CNT003"], "Content-Format":"application/xml", "Unknown (256)":0x2f2f31302e31302e302e32322f68657269742d696e, "Unknown (257)":0x7265715f323232323232, "Unknown (265)":0x07d4}, "<?xml version="1.0" enco".. 544 bytes
2017/10/27-10:42:41.467 DEBUG n.h.i.o.i.InCse[sendCoapResponse:561] - <?xml version="1.0" encoding="utf-8"?>
<m2m:cnt xsi:schemaLocation="http://www.onem2m.org/xml/protocols CDT-container-v2_7_0.xsd " xmlns:m2m="http://www.onem2m.org/xml/protocols" xmlns:xsi="http://www.w3.org/2001/XMLSchema-instance" rn="CNT003">
   <ty>3</ty>
   <ri>CONTAINER_8</ri>
   <pi>ae_0002</pi>
   <ct>20171027T104125</ct>
   <lt>20171027T104241</lt>
   <lbl>label1</lbl>
   <et>20171030T104124</et>
   <st>1</st>
   <cr>ae_0001</cr>
   <mni>50</mni>
   <mbs>102400</mbs>
   <mia>36000</mia>
   <cni>0</cni>
   <cbs>0</cbs>
</m2m:cnt>

2017/10/27-10:43:24.267 DEBUG n.h.i.o.i.InCse[receiveCoapRequest:499] - >> RECVD CoAP MESSAGE:
2017/10/27-10:43:24.270 DEBUG n.h.i.o.i.InCse[receiveCoapRequest:500] - Options format=-1
2017/10/27-10:43:24.271 DEBUG n.h.i.o.i.InCse[receiveCoapRequest:502] - RequestCode=GET
2017/10/27-10:43:24.271 DEBUG n.h.i.o.i.InCse[receiveCoapRequest:503] - RequestPayload=[B@2c3ed4d9
2017/10/27-10:43:24.273 DEBUG n.h.i.o.i.InCse[receiveCoapRequest:504] - Options={"Uri-Path":["herit-in","herit-cse","ae_0002","CNT003"], "Accept":"application/xml", "Unknown (256)":0x61655f30303031, "Unknown (257)":0x7265715f323232323232}
2017/10/27-10:43:24.273 DEBUG n.h.i.o.i.InCse[receiveCoapRequest:505] - UriPath=herit-in/herit-cse/ae_0002/CNT003
2017/10/27-10:43:24.273 DEBUG n.h.i.o.i.InCse[receiveCoapRequest:507] - 
2017/10/27-10:43:24.274 DEBUG n.h.i.o.i.InCse[receiveCoapRequest:516] - 
 Operation=RETRIEVE
 To=/herit-in/herit-cse/ae_0002/CNT003
 From:ae_0001
 RemoteHost:10.10.0.18
 RequestIdentifier:req_222222
 ResourceType:NONE
 OriginatingTimestamp:null
 RequestExpirationTimestamp:null
 ResultExpirationTimestamp:null
 OperationExecutionTime:null
 ResponseType:NONE: 
 ResultPersistence:null
 ResultContent:ATTRIBUTES
 EventCategory:null
 DeliveryAggregation:null
 GroupRequestIdentifier:null
 DiscoveryResultType:NONE
 Accept:application/xml
 ContentType:
 Content exist.

2017/10/27-10:43:24.275 DEBUG o.m.d.p.query[debug:56] - Sending query of namespace IITP-IOT-TEST01.resource on connection [connectionId{localValue:64, serverValue:87}] to server localhost:27017
2017/10/27-10:43:24.276 DEBUG o.m.d.p.query[debug:56] - Query completed
2017/10/27-10:43:24.277 DEBUG n.h.i.o.i.f.QosManager[checkCseTps:179] - checkCseTps:ae_0001
2017/10/27-10:43:24.277 DEBUG n.h.i.o.i.OperationProcessor[getForwardingUriIfNeeded:297] - to=/herit-in/herit-cse/ae_0002/CNT003
2017/10/27-10:43:24.278 DEBUG n.h.i.o.i.OperationProcessor[revisePrimitiveRequest:267] - revisePrimitiveRequest: /herit-in/herit-cse/ae_0002/CNT003
2017/10/27-10:43:24.279 DEBUG o.m.d.p.query[debug:56] - Sending query of namespace IITP-IOT-TEST01.resource on connection [connectionId{localValue:64, serverValue:87}] to server localhost:27017
2017/10/27-10:43:24.280 DEBUG o.m.d.p.query[debug:56] - Query completed
2017/10/27-10:43:24.281 DEBUG o.m.d.p.query[debug:56] - Sending query of namespace IITP-IOT-TEST01.resource on connection [connectionId{localValue:64, serverValue:87}] to server localhost:27017
2017/10/27-10:43:24.283 DEBUG o.m.d.p.query[debug:56] - Query completed
2017/10/27-10:43:24.285 DEBUG o.m.d.p.query[debug:56] - Sending query of namespace IITP-IOT-TEST01.resource on connection [connectionId{localValue:64, serverValue:87}] to server localhost:27017
2017/10/27-10:43:24.286 DEBUG o.m.d.p.query[debug:56] - Query completed
2017/10/27-10:43:24.290 DEBUG n.h.i.o.i.m.Manager[getResourceFromDB:59] - resourceId: /herit-in/herit-cse/ae_0002
2017/10/27-10:43:24.291 DEBUG o.m.d.p.query[debug:56] - Sending query of namespace IITP-IOT-TEST01.resource on connection [connectionId{localValue:64, serverValue:87}] to server localhost:27017
2017/10/27-10:43:24.293 DEBUG o.m.d.p.query[debug:56] - Query completed
2017/10/27-10:43:24.294 DEBUG n.h.i.o.i.m.d.ResourceDAO[getResource:765] - { "_id" : { "$oid" : "59f14b6b97647a0604415c94" }, "rn" : "ae_0002", "ty" : 2, "ri" : "ae_0002", "pi" : "herit-in", "lbl" : ["mqtt_ae_test"], "et" : "20171231T235555", "apn" : "MQTT_APP_0019", "api" : "MQTT_APP_ID_0019", "aei" : "/herit-in/herit-cse/ae_0002", "poa" : ["10.10.0.18:8080"], "rr" : false, "_uri" : "/herit-in/herit-cse/ae_0002", "ct" : "20171026T114147", "lt" : "20171026T114147" }
2017/10/27-10:43:24.297 DEBUG n.h.i.o.i.m.Manager[retrieveResource:695] - Retrieve [BasicResource]
id:null
uri:/herit-in/herit-cse/ae_0002/CNT003
resourceName:CNT003
resourceType:3
resourceID:CONTAINER_8
parentID:ae_0002
creationTime:20171027T104125
lastModifiedTime:20171027T104241
labels:[label1]
[RegularResource]
accessControlPolicyIDs: null
expirationTime: 20171030T104124
dynamicAuthorizationConsultationIDs: null
announceTo: null

announcedAttribute: null
[container]
creator:ae_0001
maxNrOfInstance:50
maxByteSize:102400
maxInstanceAge:36000
currentNrOfInstances:0
currentByteSize:0
locationID:null
ontologyRef:null

2017/10/27-10:43:24.298 DEBUG n.h.i.m.o.OneM2mResponse[<init>:209] - OneM2mResponse initialized with request!
2017/10/27-10:43:24.298 DEBUG n.h.i.o.r.Resource[processEx:102] - process
2017/10/27-10:43:24.298 DEBUG n.h.i.o.r.Resource[process:117] - ResourceManager.process
2017/10/27-10:43:24.299 DEBUG n.h.i.o.i.InCse[sendCoapResponse:559] - << SEND CoAP MESSAGE:
2017/10/27-10:43:24.302 DEBUG n.h.i.o.i.InCse[sendCoapResponse:560] - null-2.05   MID=   -1, Token=null, OptionSet={"Location-Path":["herit-in","herit-cse","ae_0002","CNT003"], "Content-Format":"application/xml", "Unknown (256)":0x2f2f31302e31302e302e32322f68657269742d696e, "Unknown (257)":0x7265715f323232323232, "Unknown (265)":0x07d0}, "<?xml version="1.0" enco".. 544 bytes
2017/10/27-10:43:24.302 DEBUG n.h.i.o.i.InCse[sendCoapResponse:561] - <?xml version="1.0" encoding="utf-8"?>
<m2m:cnt xsi:schemaLocation="http://www.onem2m.org/xml/protocols CDT-container-v2_7_0.xsd " xmlns:m2m="http://www.onem2m.org/xml/protocols" xmlns:xsi="http://www.w3.org/2001/XMLSchema-instance" rn="CNT003">
   <ty>3</ty>
   <ri>CONTAINER_8</ri>
   <pi>ae_0002</pi>
   <ct>20171027T104125</ct>
   <lt>20171027T104241</lt>
   <lbl>label1</lbl>
   <et>20171030T104124</et>
   <st>1</st>
   <cr>ae_0001</cr>
   <mni>50</mni>
   <mbs>102400</mbs>
   <mia>36000</mia>
   <cni>0</cni>
   <cbs>0</cbs>
</m2m:cnt>

2017/10/27-10:43:30.090 DEBUG o.m.d.connection[debug:56] - Ensuring minimum pooled connections to localhost:27017
2017/10/27-10:44:11.994 DEBUG n.h.i.o.i.InCse[receiveCoapRequest:499] - >> RECVD CoAP MESSAGE:
2017/10/27-10:44:11.997 DEBUG n.h.i.o.i.InCse[receiveCoapRequest:500] - Options format=-1
2017/10/27-10:44:11.997 DEBUG n.h.i.o.i.InCse[receiveCoapRequest:502] - RequestCode=DELETE
2017/10/27-10:44:11.998 DEBUG n.h.i.o.i.InCse[receiveCoapRequest:503] - RequestPayload=[B@60d1d527
2017/10/27-10:44:12.000 DEBUG n.h.i.o.i.InCse[receiveCoapRequest:504] - Options={"Uri-Path":["herit-in","herit-cse","ae_0002","CNT003"], "Accept":"application/xml", "Unknown (256)":0x61655f30303031, "Unknown (257)":0x7265715f323232323232}
2017/10/27-10:44:12.000 DEBUG n.h.i.o.i.InCse[receiveCoapRequest:505] - UriPath=herit-in/herit-cse/ae_0002/CNT003
2017/10/27-10:44:12.000 DEBUG n.h.i.o.i.InCse[receiveCoapRequest:507] - 
2017/10/27-10:44:12.001 DEBUG n.h.i.o.i.InCse[receiveCoapRequest:516] - 
 Operation=DELETE
 To=/herit-in/herit-cse/ae_0002/CNT003
 From:ae_0001
 RemoteHost:10.10.0.18
 RequestIdentifier:req_222222
 ResourceType:NONE
 OriginatingTimestamp:null
 RequestExpirationTimestamp:null
 ResultExpirationTimestamp:null
 OperationExecutionTime:null
 ResponseType:NONE: 
 ResultPersistence:null
 ResultContent:NOTHING
 EventCategory:null
 DeliveryAggregation:null
 GroupRequestIdentifier:null
 DiscoveryResultType:NONE
 Accept:application/xml
 ContentType:
 Content exist.

2017/10/27-10:44:12.002 DEBUG o.m.d.p.query[debug:56] - Sending query of namespace IITP-IOT-TEST01.resource on connection [connectionId{localValue:64, serverValue:87}] to server localhost:27017
2017/10/27-10:44:12.003 DEBUG o.m.d.p.query[debug:56] - Query completed
2017/10/27-10:44:12.003 DEBUG n.h.i.o.i.f.QosManager[checkCseTps:179] - checkCseTps:ae_0001
2017/10/27-10:44:12.004 DEBUG n.h.i.o.i.OperationProcessor[getForwardingUriIfNeeded:297] - to=/herit-in/herit-cse/ae_0002/CNT003
2017/10/27-10:44:12.004 DEBUG n.h.i.o.i.OperationProcessor[revisePrimitiveRequest:267] - revisePrimitiveRequest: /herit-in/herit-cse/ae_0002/CNT003
2017/10/27-10:44:12.005 DEBUG o.m.d.p.query[debug:56] - Sending query of namespace IITP-IOT-TEST01.resource on connection [connectionId{localValue:64, serverValue:87}] to server localhost:27017
2017/10/27-10:44:12.006 DEBUG o.m.d.p.query[debug:56] - Query completed
2017/10/27-10:44:12.007 DEBUG o.m.d.p.query[debug:56] - Sending query of namespace IITP-IOT-TEST01.resource on connection [connectionId{localValue:64, serverValue:87}] to server localhost:27017
2017/10/27-10:44:12.009 DEBUG o.m.d.p.query[debug:56] - Query completed
2017/10/27-10:44:12.010 DEBUG o.m.d.p.query[debug:56] - Sending query of namespace IITP-IOT-TEST01.resource on connection [connectionId{localValue:64, serverValue:87}] to server localhost:27017
2017/10/27-10:44:12.012 DEBUG o.m.d.p.query[debug:56] - Query completed
2017/10/27-10:44:12.016 DEBUG n.h.i.o.i.m.Manager[getResourceFromDB:59] - resourceId: /herit-in/herit-cse/ae_0002
2017/10/27-10:44:12.016 DEBUG o.m.d.p.query[debug:56] - Sending query of namespace IITP-IOT-TEST01.resource on connection [connectionId{localValue:64, serverValue:87}] to server localhost:27017
2017/10/27-10:44:12.018 DEBUG o.m.d.p.query[debug:56] - Query completed
2017/10/27-10:44:12.019 DEBUG n.h.i.o.i.m.d.ResourceDAO[getResource:765] - { "_id" : { "$oid" : "59f14b6b97647a0604415c94" }, "rn" : "ae_0002", "ty" : 2, "ri" : "ae_0002", "pi" : "herit-in", "lbl" : ["mqtt_ae_test"], "et" : "20171231T235555", "apn" : "MQTT_APP_0019", "api" : "MQTT_APP_ID_0019", "aei" : "/herit-in/herit-cse/ae_0002", "poa" : ["10.10.0.18:8080"], "rr" : false, "_uri" : "/herit-in/herit-cse/ae_0002", "ct" : "20171026T114147", "lt" : "20171026T114147" }
2017/10/27-10:44:12.023 DEBUG o.m.d.p.query[debug:56] - Sending query of namespace IITP-IOT-TEST01.resource on connection [connectionId{localValue:64, serverValue:87}] to server localhost:27017
2017/10/27-10:44:12.025 DEBUG o.m.d.p.query[debug:56] - Query completed
2017/10/27-10:44:12.026 DEBUG o.m.d.p.query[debug:56] - Sending query of namespace IITP-IOT-TEST01.resource on connection [connectionId{localValue:64, serverValue:87}] to server localhost:27017
2017/10/27-10:44:12.027 DEBUG o.m.d.p.query[debug:56] - Query completed
2017/10/27-10:44:12.031 DEBUG o.m.d.p.delete[debug:56] - Deleting documents from namespace IITP-IOT-TEST01.resource on connection [connectionId{localValue:64, serverValue:87}] to server localhost:27017
2017/10/27-10:44:12.033 DEBUG o.m.d.p.delete[debug:56] - Delete completed
2017/10/27-10:44:12.035 DEBUG n.h.i.o.i.m.d.ResourceDAO[deleteDocument:1062] - AcknowledgedDeleteResult{deletedCount=1}
2017/10/27-10:44:12.036 DEBUG n.h.i.o.i.c.AnnounceController[announce:407] - reqResource: null, orgResource: [BasicResource]
id:null
uri:/herit-in/herit-cse/ae_0002/CNT003
resourceName:CNT003
resourceType:3
resourceID:CONTAINER_8
parentID:ae_0002
creationTime:20171027T104125
lastModifiedTime:20171027T104241
labels:[label1]
[RegularResource]
accessControlPolicyIDs: null
expirationTime: 20171030T104124
dynamicAuthorizationConsultationIDs: null
announceTo: null

announcedAttribute: null
[container]
creator:ae_0001
maxNrOfInstance:50
maxByteSize:102400
maxInstanceAge:36000
currentNrOfInstances:0
currentByteSize:0
locationID:null
ontologyRef:null

2017/10/27-10:44:12.036 DEBUG n.h.i.o.i.c.AnnounceController[createAnncDoc:69] - resource is not AnnounceableResource or AnnounceableSubordinateResource
2017/10/27-10:44:12.038 DEBUG o.m.d.p.query[debug:56] - Sending query of namespace IITP-IOT-TEST01.resource on connection [connectionId{localValue:64, serverValue:87}] to server localhost:27017
2017/10/27-10:44:12.039 DEBUG o.m.d.p.query[debug:56] - Query completed
2017/10/27-10:44:12.040 DEBUG o.m.d.p.query[debug:56] - Sending query of namespace IITP-IOT-TEST01.resource on connection [connectionId{localValue:64, serverValue:87}] to server localhost:27017
2017/10/27-10:44:12.041 DEBUG o.m.d.p.query[debug:56] - Query completed
2017/10/27-10:44:12.041 DEBUG n.h.i.o.i.c.NotificationController[notify:501] - subscriptions:[]
2017/10/27-10:44:12.041 DEBUG n.h.i.o.r.Resource[processEx:102] - process
2017/10/27-10:44:12.042 DEBUG n.h.i.o.r.Resource[process:117] - ResourceManager.process
2017/10/27-10:44:12.042 DEBUG n.h.i.o.i.InCse[sendCoapResponse:559] - << SEND CoAP MESSAGE:
2017/10/27-10:44:12.044 DEBUG n.h.i.o.i.InCse[sendCoapResponse:560] - null-2.02   MID=   -1, Token=null, OptionSet={"Unknown (256)":0x61655f30303031, "Unknown (257)":0x7265715f323232323232, "Unknown (265)":0x07d2}, no payload
2017/10/27-10:44:12.044 DEBUG n.h.i.o.i.InCse[sendCoapResponse:561] - 
2017/10/27-10:44:30.088 DEBUG o.m.d.connection[debug:56] - Ensuring minimum pooled connections to localhost:27017
2017/10/27-10:45:30.087 DEBUG o.m.d.connection[debug:56] - Ensuring minimum pooled connections to localhost:27017
2017/10/27-10:45:32.301 DEBUG n.h.i.o.i.InCse[receiveCoapRequest:499] - >> RECVD CoAP MESSAGE:
2017/10/27-10:45:32.301 DEBUG n.h.i.o.i.InCse[receiveCoapRequest:500] - Options format=50
2017/10/27-10:45:32.302 DEBUG n.h.i.o.i.InCse[receiveCoapRequest:502] - RequestCode=POST
2017/10/27-10:45:32.302 DEBUG n.h.i.o.i.InCse[receiveCoapRequest:503] - RequestPayload=[B@34765e02
2017/10/27-10:45:32.304 DEBUG n.h.i.o.i.InCse[receiveCoapRequest:504] - Options={"Uri-Path":["herit-in","herit-cse","ae_0002"], "Content-Format":"application/json", "Accept":"application/json", "Unknown (256)":0x61655f30303031, "Unknown (257)":0x7265715f323232323232, "Unknown (267)":0x03}
2017/10/27-10:45:32.304 DEBUG n.h.i.o.i.InCse[receiveCoapRequest:505] - UriPath=herit-in/herit-cse/ae_0002
2017/10/27-10:45:32.304 DEBUG n.h.i.o.i.InCse[receiveCoapRequest:507] - {
   "m2m:cnt" : {
      "rn" : "CNT003",
      "lbl" : [ "label1" ]
   }
}
2017/10/27-10:45:32.305 DEBUG n.h.i.o.i.InCse[receiveCoapRequest:516] - 
 Operation=CREATE
 To=/herit-in/herit-cse/ae_0002
 From:ae_0001
 RemoteHost:10.10.0.18
 RequestIdentifier:req_222222
 ResourceType:container
 OriginatingTimestamp:null
 RequestExpirationTimestamp:null
 ResultExpirationTimestamp:null
 OperationExecutionTime:null
 ResponseType:NONE: 
 ResultPersistence:null
 ResultContent:ATTRIBUTES
 EventCategory:null
 DeliveryAggregation:null
 GroupRequestIdentifier:null
 DiscoveryResultType:NONE
 Accept:application/json
 ContentType:application/json
 Content exist.

2017/10/27-10:45:32.306 DEBUG o.m.d.p.query[debug:56] - Sending query of namespace IITP-IOT-TEST01.resource on connection [connectionId{localValue:64, serverValue:87}] to server localhost:27017
2017/10/27-10:45:32.307 DEBUG o.m.d.p.query[debug:56] - Query completed
2017/10/27-10:45:32.307 DEBUG n.h.i.o.i.f.QosManager[checkCseTps:179] - checkCseTps:ae_0001
2017/10/27-10:45:32.308 DEBUG n.h.i.o.i.OperationProcessor[getForwardingUriIfNeeded:297] - to=/herit-in/herit-cse/ae_0002
2017/10/27-10:45:32.308 DEBUG n.h.i.o.i.OperationProcessor[revisePrimitiveRequest:267] - revisePrimitiveRequest: /herit-in/herit-cse/ae_0002
2017/10/27-10:45:32.309 DEBUG o.m.d.p.query[debug:56] - Sending query of namespace IITP-IOT-TEST01.resource on connection [connectionId{localValue:64, serverValue:87}] to server localhost:27017
2017/10/27-10:45:32.310 DEBUG o.m.d.p.query[debug:56] - Query completed
2017/10/27-10:45:33.257 DEBUG n.h.i.o.i.m.Manager[getContentResource:107] - resourceName: CNT003
2017/10/27-10:45:33.258 DEBUG o.m.d.p.query[debug:56] - Sending query of namespace IITP-IOT-TEST01.configuration on connection [connectionId{localValue:64, serverValue:87}] to server localhost:27017
2017/10/27-10:45:33.260 DEBUG o.m.d.p.query[debug:56] - Query completed
2017/10/27-10:45:33.261 DEBUG o.m.d.p.command[debug:56] - Sending command {findandmodify : BsonString{value='configuration'}} to database IITP-IOT-TEST01 on connection [connectionId{localValue:64, serverValue:87}] to server localhost:27017
2017/10/27-10:45:33.263 DEBUG o.m.d.p.command[debug:56] - Command execution completed
2017/10/27-10:45:33.263 DEBUG n.h.i.o.i.m.d.SeqNumDAO[setSequence:77] - Document{{_id=59eff36897647a02d8baf16b, CONFIGURATION_NAME=SEQUENCE, AE=0, subscription=2, container=8}}
2017/10/27-10:45:33.264 DEBUG n.h.i.o.i.m.Manager[getResourceFromDB:59] - resourceId: /herit-in/herit-cse/ae_0002
2017/10/27-10:45:33.265 DEBUG o.m.d.p.query[debug:56] - Sending query of namespace IITP-IOT-TEST01.resource on connection [connectionId{localValue:64, serverValue:87}] to server localhost:27017
2017/10/27-10:45:33.266 DEBUG o.m.d.p.query[debug:56] - Query completed
2017/10/27-10:45:33.268 DEBUG n.h.i.o.i.m.d.ResourceDAO[getResource:765] - { "_id" : { "$oid" : "59f14b6b97647a0604415c94" }, "rn" : "ae_0002", "ty" : 2, "ri" : "ae_0002", "pi" : "herit-in", "lbl" : ["mqtt_ae_test"], "et" : "20171231T235555", "apn" : "MQTT_APP_0019", "api" : "MQTT_APP_ID_0019", "aei" : "/herit-in/herit-cse/ae_0002", "poa" : ["10.10.0.18:8080"], "rr" : false, "_uri" : "/herit-in/herit-cse/ae_0002", "ct" : "20171026T114147", "lt" : "20171026T114147" }
2017/10/27-10:45:33.272 DEBUG o.m.d.p.query[debug:56] - Sending query of namespace IITP-IOT-TEST01.resource on connection [connectionId{localValue:64, serverValue:87}] to server localhost:27017
2017/10/27-10:45:33.273 DEBUG o.m.d.p.query[debug:56] - Query completed
2017/10/27-10:45:33.273 DEBUG n.h.i.o.i.m.AbsManager[validateResource:117] - AbsManager.validate called:null,CREATE
2017/10/27-10:45:33.274 DEBUG n.h.i.o.i.m.d.ContainerDAO[create:78] - container.getMaxNrOfInstances ==>50
2017/10/27-10:45:33.274 DEBUG o.m.d.p.query[debug:56] - Sending query of namespace IITP-IOT-TEST01.resource on connection [connectionId{localValue:64, serverValue:87}] to server localhost:27017
2017/10/27-10:45:33.275 DEBUG o.m.d.p.query[debug:56] - Query completed
2017/10/27-10:45:33.277 DEBUG n.h.i.o.i.m.d.ResourceDAO[create:157] - Res json: {
   "rn" : "CNT003",
   "ty" : 3,
   "ri" : "CONTAINER_9",
   "pi" : "ae_0002",
   "lbl" : [ "label1" ],
   "et" : "20171030T104533",
   "st" : 0,
   "cr" : "ae_0001",
   "mni" : 50,
   "mbs" : 102400,
   "mia" : 36000,
   "cni" : 0,
   "cbs" : 0
} 
2017/10/27-10:45:33.278 DEBUG o.m.d.p.insert[debug:56] - Inserting 1 documents into namespace IITP-IOT-TEST01.resource on connection [connectionId{localValue:64, serverValue:87}] to server localhost:27017
2017/10/27-10:45:33.280 DEBUG o.m.d.p.insert[debug:56] - Insert completed
2017/10/27-10:45:33.281 DEBUG n.h.i.o.i.c.AnnounceController[announce:407] - reqResource: [BasicResource]
id:null
uri:/herit-in/herit-cse/ae_0002/CNT003
resourceName:CNT003
resourceType:3
resourceID:CONTAINER_9
parentID:ae_0002
creationTime:20171027T104533
lastModifiedTime:20171027T104533
labels:[label1]
[RegularResource]
accessControlPolicyIDs: null
expirationTime: 20171030T104533
dynamicAuthorizationConsultationIDs: null
announceTo: null

announcedAttribute: null
[container]
creator:ae_0001
maxNrOfInstance:50
maxByteSize:102400
maxInstanceAge:36000
currentNrOfInstances:0
currentByteSize:0
locationID:null
ontologyRef:null
, orgResource: null
2017/10/27-10:45:33.283 DEBUG n.h.i.o.i.c.AnnounceController[createAnncDoc:158] - announce All Atrributes: [ri, rn, et, acpi, lbl]
2017/10/27-10:45:33.283 DEBUG n.h.i.o.i.c.AnnounceController[createAnncDoc:165] - res: Document{{rn=CNT003, ty=3, ri=CONTAINER_9, pi=ae_0002, ct=20171027T104533, lt=20171027T104533, lbl=[label1], et=20171030T104533, st=0, cr=ae_0001, mni=50, mbs=102400, mia=36000, cni=0, cbs=0}}, 
 annc: Document{{ty=10003, ri=CONTAINER_9, rn=CNT003, et=20171030T104533, acpi=null, lbl=[label1]}}
2017/10/27-10:45:33.283 DEBUG n.h.i.m.o.OneM2mResponse[<init>:209] - OneM2mResponse initialized with request!
2017/10/27-10:45:33.285 DEBUG o.m.d.p.query[debug:56] - Sending query of namespace IITP-IOT-TEST01.resource on connection [connectionId{localValue:64, serverValue:87}] to server localhost:27017
2017/10/27-10:45:33.286 DEBUG o.m.d.p.query[debug:56] - Query completed
2017/10/27-10:45:33.287 DEBUG o.m.d.p.query[debug:56] - Sending query of namespace IITP-IOT-TEST01.resource on connection [connectionId{localValue:64, serverValue:87}] to server localhost:27017
2017/10/27-10:45:33.288 DEBUG o.m.d.p.query[debug:56] - Query completed
2017/10/27-10:45:33.289 DEBUG n.h.i.o.i.c.NotificationController[notify:501] - subscriptions:[]
2017/10/27-10:45:33.289 DEBUG n.h.i.o.r.Resource[processEx:102] - process
2017/10/27-10:45:33.289 DEBUG n.h.i.o.r.Resource[process:117] - ResourceManager.process
2017/10/27-10:45:33.290 DEBUG n.h.i.o.i.InCse[sendCoapResponse:559] - << SEND CoAP MESSAGE:
2017/10/27-10:45:33.293 DEBUG n.h.i.o.i.InCse[sendCoapResponse:560] - null-2.01   MID=   -1, Token=null, OptionSet={"Location-Path":["herit-in","herit-cse","ae_0002","CNT003"], "Content-Format":"application/json", "Unknown (256)":0x2f2f31302e31302e302e32322f68657269742d696e, "Unknown (257)":0x7265715f323232323232, "Unknown (265)":0x07d1}, "{
   "m2m:cnt" : {
     ".. 374 bytes
2017/10/27-10:45:33.293 DEBUG n.h.i.o.i.InCse[sendCoapResponse:561] - {
   "m2m:cnt" : {
      "rn" : "CNT003",
      "ty" : 3,
      "ri" : "CONTAINER_9",
      "pi" : "ae_0002",
      "ct" : "20171027T104533",
      "lt" : "20171027T104533",
      "lbl" : [ "label1" ],
      "et" : "20171030T104533",
      "st" : 0,
      "cr" : "ae_0001",
      "mni" : 50,
      "mbs" : 102400,
      "mia" : 36000,
      "cni" : 0,
      "cbs" : 0
   }
}
2017/10/27-10:46:30.095 DEBUG o.m.d.connection[debug:56] - Ensuring minimum pooled connections to localhost:27017
2017/10/27-10:46:39.457 DEBUG n.h.i.o.i.InCse[receiveCoapRequest:499] - >> RECVD CoAP MESSAGE:
2017/10/27-10:46:39.458 DEBUG n.h.i.o.i.InCse[receiveCoapRequest:500] - Options format=50
2017/10/27-10:46:39.458 DEBUG n.h.i.o.i.InCse[receiveCoapRequest:502] - RequestCode=PUT
2017/10/27-10:46:39.458 DEBUG n.h.i.o.i.InCse[receiveCoapRequest:503] - RequestPayload=[B@545302f5
2017/10/27-10:46:39.460 DEBUG n.h.i.o.i.InCse[receiveCoapRequest:504] - Options={"Uri-Path":["herit-in","herit-cse","ae_0002","CNT003"], "Content-Format":"application/json", "Accept":"application/json", "Unknown (256)":0x61655f30303031, "Unknown (257)":0x7265715f323232323232}
2017/10/27-10:46:39.460 DEBUG n.h.i.o.i.InCse[receiveCoapRequest:505] - UriPath=herit-in/herit-cse/ae_0002/CNT003
2017/10/27-10:46:39.461 DEBUG n.h.i.o.i.InCse[receiveCoapRequest:507] - {
   "m2m:cnt" : {
      "lbl" : [ "key2" ]
   }
}
2017/10/27-10:46:39.461 DEBUG n.h.i.o.i.InCse[receiveCoapRequest:516] - 
 Operation=UPDATE
 To=/herit-in/herit-cse/ae_0002/CNT003
 From:ae_0001
 RemoteHost:10.10.0.18
 RequestIdentifier:req_222222
 ResourceType:NONE
 OriginatingTimestamp:null
 RequestExpirationTimestamp:null
 ResultExpirationTimestamp:null
 OperationExecutionTime:null
 ResponseType:NONE: 
 ResultPersistence:null
 ResultContent:ATTRIBUTES
 EventCategory:null
 DeliveryAggregation:null
 GroupRequestIdentifier:null
 DiscoveryResultType:NONE
 Accept:application/json
 ContentType:application/json
 Content exist.

2017/10/27-10:46:39.462 DEBUG o.m.d.p.query[debug:56] - Sending query of namespace IITP-IOT-TEST01.resource on connection [connectionId{localValue:64, serverValue:87}] to server localhost:27017
2017/10/27-10:46:39.464 DEBUG o.m.d.p.query[debug:56] - Query completed
2017/10/27-10:46:39.464 DEBUG n.h.i.o.i.f.QosManager[checkCseTps:179] - checkCseTps:ae_0001
2017/10/27-10:46:39.465 DEBUG n.h.i.o.i.OperationProcessor[getForwardingUriIfNeeded:297] - to=/herit-in/herit-cse/ae_0002/CNT003
2017/10/27-10:46:39.465 DEBUG n.h.i.o.i.OperationProcessor[revisePrimitiveRequest:267] - revisePrimitiveRequest: /herit-in/herit-cse/ae_0002/CNT003
2017/10/27-10:46:39.466 DEBUG o.m.d.p.query[debug:56] - Sending query of namespace IITP-IOT-TEST01.resource on connection [connectionId{localValue:64, serverValue:87}] to server localhost:27017
2017/10/27-10:46:39.468 DEBUG o.m.d.p.query[debug:56] - Query completed
2017/10/27-10:46:39.469 DEBUG o.m.d.p.query[debug:56] - Sending query of namespace IITP-IOT-TEST01.resource on connection [connectionId{localValue:64, serverValue:87}] to server localhost:27017
2017/10/27-10:46:39.471 DEBUG o.m.d.p.query[debug:56] - Query completed
2017/10/27-10:46:39.472 DEBUG n.h.i.o.i.m.Manager[getContentResource:107] - resourceName: null
2017/10/27-10:46:39.473 DEBUG o.m.d.p.query[debug:56] - Sending query of namespace IITP-IOT-TEST01.resource on connection [connectionId{localValue:64, serverValue:87}] to server localhost:27017
2017/10/27-10:46:39.475 DEBUG o.m.d.p.query[debug:56] - Query completed
2017/10/27-10:46:39.479 DEBUG n.h.i.o.i.m.Manager[getResourceFromDB:59] - resourceId: /herit-in/herit-cse/ae_0002
2017/10/27-10:46:39.480 DEBUG o.m.d.p.query[debug:56] - Sending query of namespace IITP-IOT-TEST01.resource on connection [connectionId{localValue:64, serverValue:87}] to server localhost:27017
2017/10/27-10:46:39.482 DEBUG o.m.d.p.query[debug:56] - Query completed
2017/10/27-10:46:39.483 DEBUG n.h.i.o.i.m.d.ResourceDAO[getResource:765] - { "_id" : { "$oid" : "59f14b6b97647a0604415c94" }, "rn" : "ae_0002", "ty" : 2, "ri" : "ae_0002", "pi" : "herit-in", "lbl" : ["mqtt_ae_test"], "et" : "20171231T235555", "apn" : "MQTT_APP_0019", "api" : "MQTT_APP_ID_0019", "aei" : "/herit-in/herit-cse/ae_0002", "poa" : ["10.10.0.18:8080"], "rr" : false, "_uri" : "/herit-in/herit-cse/ae_0002", "ct" : "20171026T114147", "lt" : "20171026T114147" }
2017/10/27-10:46:39.486 DEBUG n.h.i.o.i.m.AbsManager[validateResource:117] - AbsManager.validate called:null,UPDATE
2017/10/27-10:46:39.487 DEBUG o.m.d.p.query[debug:56] - Sending query of namespace IITP-IOT-TEST01.resource on connection [connectionId{localValue:64, serverValue:87}] to server localhost:27017
2017/10/27-10:46:39.488 DEBUG o.m.d.p.query[debug:56] - Query completed
2017/10/27-10:46:39.490 DEBUG o.m.d.p.command[debug:56] - Sending command {findandmodify : BsonString{value='resource'}} to database IITP-IOT-TEST01 on connection [connectionId{localValue:64, serverValue:87}] to server localhost:27017
2017/10/27-10:46:39.492 DEBUG o.m.d.p.command[debug:56] - Command execution completed
2017/10/27-10:46:39.493 DEBUG n.h.i.o.i.m.d.ResourceDAO[update:203] - Document{{_id=59f28fbd97647a09c5f4cf11, rn=CNT003, ty=3, ri=CONTAINER_9, pi=ae_0002, lbl=[label1], et=20171030T104533, st=0, cr=ae_0001, mni=50, mbs=102400, mia=36000, cni=0, cbs=0, _uri=/herit-in/herit-cse/ae_0002/CNT003, ct=20171027T104533, lt=20171027T104533}}
2017/10/27-10:46:39.493 DEBUG n.h.i.m.o.OneM2mResponse[<init>:209] - OneM2mResponse initialized with request!
2017/10/27-10:46:39.494 DEBUG n.h.i.o.i.m.Manager[updateResource:572] - ResutlContentType: ATTRIBUTE
2017/10/27-10:46:39.494 DEBUG n.h.i.o.i.c.AnnounceController[announce:407] - reqResource: [BasicResource]
id:null
uri:/herit-in/herit-cse/ae_0002/CNT003
resourceName:null
resourceType:3
resourceID:null
parentID:ae_0002
creationTime:null
lastModifiedTime:20171027T104639
labels:[key2]
[RegularResource]
accessControlPolicyIDs: null
expirationTime: null
dynamicAuthorizationConsultationIDs: null
announceTo: null

announcedAttribute: null
[container]
creator:null
maxNrOfInstance:null
maxByteSize:null
maxInstanceAge:null
currentNrOfInstances:null
currentByteSize:null
locationID:null
ontologyRef:null
, orgResource: [BasicResource]
id:null
uri:/herit-in/herit-cse/ae_0002/CNT003
resourceName:CNT003
resourceType:3
resourceID:CONTAINER_9
parentID:ae_0002
creationTime:20171027T104533
lastModifiedTime:20171027T104533
labels:[label1]
[RegularResource]
accessControlPolicyIDs: null
expirationTime: 20171030T104533
dynamicAuthorizationConsultationIDs: null
announceTo: null

announcedAttribute: null
[container]
creator:ae_0001
maxNrOfInstance:50
maxByteSize:102400
maxInstanceAge:36000
currentNrOfInstances:0
currentByteSize:0
locationID:null
ontologyRef:null

2017/10/27-10:46:39.495 DEBUG n.h.i.o.i.c.AnnounceController[createAnncDoc:158] - announce All Atrributes: [ri, rn, et, acpi, lbl]
2017/10/27-10:46:39.495 DEBUG n.h.i.o.i.c.AnnounceController[createAnncDoc:165] - res: Document{{ty=3, pi=ae_0002, lt=20171027T104639, lbl=[key2], st=1}}, 
 annc: Document{{ty=10003, ri=null, rn=null, et=null, acpi=null, lbl=[key2]}}
2017/10/27-10:46:39.496 DEBUG o.m.d.p.query[debug:56] - Sending query of namespace IITP-IOT-TEST01.resource on connection [connectionId{localValue:64, serverValue:87}] to server localhost:27017
2017/10/27-10:46:39.497 DEBUG o.m.d.p.query[debug:56] - Query completed
2017/10/27-10:46:39.503 DEBUG o.m.d.p.query[debug:56] - Sending query of namespace IITP-IOT-TEST01.resource on connection [connectionId{localValue:64, serverValue:87}] to server localhost:27017
2017/10/27-10:46:39.504 DEBUG o.m.d.p.query[debug:56] - Query completed
2017/10/27-10:46:39.505 DEBUG o.m.d.p.query[debug:56] - Sending query of namespace IITP-IOT-TEST01.resource on connection [connectionId{localValue:64, serverValue:87}] to server localhost:27017
2017/10/27-10:46:39.506 DEBUG o.m.d.p.query[debug:56] - Query completed
2017/10/27-10:46:39.506 DEBUG n.h.i.o.i.c.NotificationController[notify:501] - subscriptions:[]
2017/10/27-10:46:39.507 DEBUG o.m.d.p.query[debug:56] - Sending query of namespace IITP-IOT-TEST01.resource on connection [connectionId{localValue:64, serverValue:87}] to server localhost:27017
2017/10/27-10:46:39.508 DEBUG o.m.d.p.query[debug:56] - Query completed
2017/10/27-10:46:39.513 DEBUG n.h.i.m.o.OneM2mResponse[<init>:209] - OneM2mResponse initialized with request!
2017/10/27-10:46:39.513 DEBUG n.h.i.o.r.Resource[processEx:102] - process
2017/10/27-10:46:39.514 DEBUG n.h.i.o.r.Resource[process:117] - ResourceManager.process
2017/10/27-10:46:39.518 DEBUG n.h.i.o.i.InCse[sendCoapResponse:559] - << SEND CoAP MESSAGE:
2017/10/27-10:46:39.522 DEBUG n.h.i.o.i.InCse[sendCoapResponse:560] - null-2.04   MID=   -1, Token=null, OptionSet={"Location-Path":["herit-in","herit-cse","ae_0002","CNT003"], "Content-Format":"application/json", "Unknown (256)":0x2f2f31302e31302e302e32322f68657269742d696e, "Unknown (257)":0x7265715f323232323232, "Unknown (265)":0x07d4}, "{
   "m2m:cnt" : {
     ".. 372 bytes
2017/10/27-10:46:39.522 DEBUG n.h.i.o.i.InCse[sendCoapResponse:561] - {
   "m2m:cnt" : {
      "rn" : "CNT003",
      "ty" : 3,
      "ri" : "CONTAINER_9",
      "pi" : "ae_0002",
      "ct" : "20171027T104533",
      "lt" : "20171027T104639",
      "lbl" : [ "key2" ],
      "et" : "20171030T104533",
      "st" : 1,
      "cr" : "ae_0001",
      "mni" : 50,
      "mbs" : 102400,
      "mia" : 36000,
      "cni" : 0,
      "cbs" : 0
   }
}
2017/10/27-10:47:22.274 DEBUG n.h.i.o.i.InCse[receiveCoapRequest:499] - >> RECVD CoAP MESSAGE:
2017/10/27-10:47:22.275 DEBUG n.h.i.o.i.InCse[receiveCoapRequest:500] - Options format=-1
2017/10/27-10:47:22.275 DEBUG n.h.i.o.i.InCse[receiveCoapRequest:502] - RequestCode=GET
2017/10/27-10:47:22.275 DEBUG n.h.i.o.i.InCse[receiveCoapRequest:503] - RequestPayload=[B@7d346071
2017/10/27-10:47:22.277 DEBUG n.h.i.o.i.InCse[receiveCoapRequest:504] - Options={"Uri-Path":["herit-in","herit-cse","ae_0002","CNT003"], "Accept":"application/json", "Unknown (256)":0x61655f30303031, "Unknown (257)":0x7265715f323232323232}
2017/10/27-10:47:22.277 DEBUG n.h.i.o.i.InCse[receiveCoapRequest:505] - UriPath=herit-in/herit-cse/ae_0002/CNT003
2017/10/27-10:47:22.278 DEBUG n.h.i.o.i.InCse[receiveCoapRequest:507] - 
2017/10/27-10:47:22.278 DEBUG n.h.i.o.i.InCse[receiveCoapRequest:516] - 
 Operation=RETRIEVE
 To=/herit-in/herit-cse/ae_0002/CNT003
 From:ae_0001
 RemoteHost:10.10.0.18
 RequestIdentifier:req_222222
 ResourceType:NONE
 OriginatingTimestamp:null
 RequestExpirationTimestamp:null
 ResultExpirationTimestamp:null
 OperationExecutionTime:null
 ResponseType:NONE: 
 ResultPersistence:null
 ResultContent:ATTRIBUTES
 EventCategory:null
 DeliveryAggregation:null
 GroupRequestIdentifier:null
 DiscoveryResultType:NONE
 Accept:application/json
 ContentType:
 Content exist.

2017/10/27-10:47:22.279 DEBUG o.m.d.p.query[debug:56] - Sending query of namespace IITP-IOT-TEST01.resource on connection [connectionId{localValue:64, serverValue:87}] to server localhost:27017
2017/10/27-10:47:22.280 DEBUG o.m.d.p.query[debug:56] - Query completed
2017/10/27-10:47:22.281 DEBUG n.h.i.o.i.f.QosManager[checkCseTps:179] - checkCseTps:ae_0001
2017/10/27-10:47:22.281 DEBUG n.h.i.o.i.OperationProcessor[getForwardingUriIfNeeded:297] - to=/herit-in/herit-cse/ae_0002/CNT003
2017/10/27-10:47:22.281 DEBUG n.h.i.o.i.OperationProcessor[revisePrimitiveRequest:267] - revisePrimitiveRequest: /herit-in/herit-cse/ae_0002/CNT003
2017/10/27-10:47:22.282 DEBUG o.m.d.p.query[debug:56] - Sending query of namespace IITP-IOT-TEST01.resource on connection [connectionId{localValue:64, serverValue:87}] to server localhost:27017
2017/10/27-10:47:22.283 DEBUG o.m.d.p.query[debug:56] - Query completed
2017/10/27-10:47:22.284 DEBUG o.m.d.p.query[debug:56] - Sending query of namespace IITP-IOT-TEST01.resource on connection [connectionId{localValue:64, serverValue:87}] to server localhost:27017
2017/10/27-10:47:22.286 DEBUG o.m.d.p.query[debug:56] - Query completed
2017/10/27-10:47:22.287 DEBUG o.m.d.p.query[debug:56] - Sending query of namespace IITP-IOT-TEST01.resource on connection [connectionId{localValue:64, serverValue:87}] to server localhost:27017
2017/10/27-10:47:22.288 DEBUG o.m.d.p.query[debug:56] - Query completed
2017/10/27-10:47:22.292 DEBUG n.h.i.o.i.m.Manager[getResourceFromDB:59] - resourceId: /herit-in/herit-cse/ae_0002
2017/10/27-10:47:22.293 DEBUG o.m.d.p.query[debug:56] - Sending query of namespace IITP-IOT-TEST01.resource on connection [connectionId{localValue:64, serverValue:87}] to server localhost:27017
2017/10/27-10:47:22.295 DEBUG o.m.d.p.query[debug:56] - Query completed
2017/10/27-10:47:22.297 DEBUG n.h.i.o.i.m.d.ResourceDAO[getResource:765] - { "_id" : { "$oid" : "59f14b6b97647a0604415c94" }, "rn" : "ae_0002", "ty" : 2, "ri" : "ae_0002", "pi" : "herit-in", "lbl" : ["mqtt_ae_test"], "et" : "20171231T235555", "apn" : "MQTT_APP_0019", "api" : "MQTT_APP_ID_0019", "aei" : "/herit-in/herit-cse/ae_0002", "poa" : ["10.10.0.18:8080"], "rr" : false, "_uri" : "/herit-in/herit-cse/ae_0002", "ct" : "20171026T114147", "lt" : "20171026T114147" }
2017/10/27-10:47:22.300 DEBUG n.h.i.o.i.m.Manager[retrieveResource:695] - Retrieve [BasicResource]
id:null
uri:/herit-in/herit-cse/ae_0002/CNT003
resourceName:CNT003
resourceType:3
resourceID:CONTAINER_9
parentID:ae_0002
creationTime:20171027T104533
lastModifiedTime:20171027T104639
labels:[key2]
[RegularResource]
accessControlPolicyIDs: null
expirationTime: 20171030T104533
dynamicAuthorizationConsultationIDs: null
announceTo: null

announcedAttribute: null
[container]
creator:ae_0001
maxNrOfInstance:50
maxByteSize:102400
maxInstanceAge:36000
currentNrOfInstances:0
currentByteSize:0
locationID:null
ontologyRef:null

2017/10/27-10:47:22.301 DEBUG n.h.i.m.o.OneM2mResponse[<init>:209] - OneM2mResponse initialized with request!
2017/10/27-10:47:22.301 DEBUG n.h.i.o.r.Resource[processEx:102] - process
2017/10/27-10:47:22.302 DEBUG n.h.i.o.r.Resource[process:117] - ResourceManager.process
2017/10/27-10:47:22.303 DEBUG n.h.i.o.i.InCse[sendCoapResponse:559] - << SEND CoAP MESSAGE:
2017/10/27-10:47:22.305 DEBUG n.h.i.o.i.InCse[sendCoapResponse:560] - null-2.05   MID=   -1, Token=null, OptionSet={"Location-Path":["herit-in","herit-cse","ae_0002","CNT003"], "Content-Format":"application/json", "Unknown (256)":0x2f2f31302e31302e302e32322f68657269742d696e, "Unknown (257)":0x7265715f323232323232, "Unknown (265)":0x07d0}, "{
   "m2m:cnt" : {
     ".. 372 bytes
2017/10/27-10:47:22.306 DEBUG n.h.i.o.i.InCse[sendCoapResponse:561] - {
   "m2m:cnt" : {
      "rn" : "CNT003",
      "ty" : 3,
      "ri" : "CONTAINER_9",
      "pi" : "ae_0002",
      "ct" : "20171027T104533",
      "lt" : "20171027T104639",
      "lbl" : [ "key2" ],
      "et" : "20171030T104533",
      "st" : 1,
      "cr" : "ae_0001",
      "mni" : 50,
      "mbs" : 102400,
      "mia" : 36000,
      "cni" : 0,
      "cbs" : 0
   }
}
2017/10/27-10:47:30.082 DEBUG o.m.d.connection[debug:56] - Ensuring minimum pooled connections to localhost:27017
2017/10/27-10:47:51.013 DEBUG n.h.i.o.i.InCse[receiveCoapRequest:499] - >> RECVD CoAP MESSAGE:
2017/10/27-10:47:51.014 DEBUG n.h.i.o.i.InCse[receiveCoapRequest:500] - Options format=-1
2017/10/27-10:47:51.014 DEBUG n.h.i.o.i.InCse[receiveCoapRequest:502] - RequestCode=DELETE
2017/10/27-10:47:51.014 DEBUG n.h.i.o.i.InCse[receiveCoapRequest:503] - RequestPayload=[B@7b167da7
2017/10/27-10:47:51.016 DEBUG n.h.i.o.i.InCse[receiveCoapRequest:504] - Options={"Uri-Path":["herit-in","herit-cse","ae_0002","CNT003"], "Accept":"application/json", "Unknown (256)":0x61655f30303031, "Unknown (257)":0x7265715f323232323232}
2017/10/27-10:47:51.016 DEBUG n.h.i.o.i.InCse[receiveCoapRequest:505] - UriPath=herit-in/herit-cse/ae_0002/CNT003
2017/10/27-10:47:51.016 DEBUG n.h.i.o.i.InCse[receiveCoapRequest:507] - 
2017/10/27-10:47:51.017 DEBUG n.h.i.o.i.InCse[receiveCoapRequest:516] - 
 Operation=DELETE
 To=/herit-in/herit-cse/ae_0002/CNT003
 From:ae_0001
 RemoteHost:10.10.0.18
 RequestIdentifier:req_222222
 ResourceType:NONE
 OriginatingTimestamp:null
 RequestExpirationTimestamp:null
 ResultExpirationTimestamp:null
 OperationExecutionTime:null
 ResponseType:NONE: 
 ResultPersistence:null
 ResultContent:NOTHING
 EventCategory:null
 DeliveryAggregation:null
 GroupRequestIdentifier:null
 DiscoveryResultType:NONE
 Accept:application/json
 ContentType:
 Content exist.

2017/10/27-10:47:51.018 DEBUG o.m.d.p.query[debug:56] - Sending query of namespace IITP-IOT-TEST01.resource on connection [connectionId{localValue:64, serverValue:87}] to server localhost:27017
2017/10/27-10:47:51.019 DEBUG o.m.d.p.query[debug:56] - Query completed
2017/10/27-10:47:51.019 DEBUG n.h.i.o.i.f.QosManager[checkCseTps:179] - checkCseTps:ae_0001
2017/10/27-10:47:51.020 DEBUG n.h.i.o.i.OperationProcessor[getForwardingUriIfNeeded:297] - to=/herit-in/herit-cse/ae_0002/CNT003
2017/10/27-10:47:51.020 DEBUG n.h.i.o.i.OperationProcessor[revisePrimitiveRequest:267] - revisePrimitiveRequest: /herit-in/herit-cse/ae_0002/CNT003
2017/10/27-10:47:51.021 DEBUG o.m.d.p.query[debug:56] - Sending query of namespace IITP-IOT-TEST01.resource on connection [connectionId{localValue:64, serverValue:87}] to server localhost:27017
2017/10/27-10:47:51.022 DEBUG o.m.d.p.query[debug:56] - Query completed
2017/10/27-10:47:51.022 DEBUG o.m.d.p.query[debug:56] - Sending query of namespace IITP-IOT-TEST01.resource on connection [connectionId{localValue:64, serverValue:87}] to server localhost:27017
2017/10/27-10:47:51.024 DEBUG o.m.d.p.query[debug:56] - Query completed
2017/10/27-10:47:51.025 DEBUG o.m.d.p.query[debug:56] - Sending query of namespace IITP-IOT-TEST01.resource on connection [connectionId{localValue:64, serverValue:87}] to server localhost:27017
2017/10/27-10:47:51.026 DEBUG o.m.d.p.query[debug:56] - Query completed
2017/10/27-10:47:51.030 DEBUG n.h.i.o.i.m.Manager[getResourceFromDB:59] - resourceId: /herit-in/herit-cse/ae_0002
2017/10/27-10:47:51.031 DEBUG o.m.d.p.query[debug:56] - Sending query of namespace IITP-IOT-TEST01.resource on connection [connectionId{localValue:64, serverValue:87}] to server localhost:27017
2017/10/27-10:47:51.032 DEBUG o.m.d.p.query[debug:56] - Query completed
2017/10/27-10:47:51.033 DEBUG n.h.i.o.i.m.d.ResourceDAO[getResource:765] - { "_id" : { "$oid" : "59f14b6b97647a0604415c94" }, "rn" : "ae_0002", "ty" : 2, "ri" : "ae_0002", "pi" : "herit-in", "lbl" : ["mqtt_ae_test"], "et" : "20171231T235555", "apn" : "MQTT_APP_0019", "api" : "MQTT_APP_ID_0019", "aei" : "/herit-in/herit-cse/ae_0002", "poa" : ["10.10.0.18:8080"], "rr" : false, "_uri" : "/herit-in/herit-cse/ae_0002", "ct" : "20171026T114147", "lt" : "20171026T114147" }
2017/10/27-10:47:51.037 DEBUG o.m.d.p.query[debug:56] - Sending query of namespace IITP-IOT-TEST01.resource on connection [connectionId{localValue:64, serverValue:87}] to server localhost:27017
2017/10/27-10:47:51.039 DEBUG o.m.d.p.query[debug:56] - Query completed
2017/10/27-10:47:51.039 DEBUG o.m.d.p.query[debug:56] - Sending query of namespace IITP-IOT-TEST01.resource on connection [connectionId{localValue:64, serverValue:87}] to server localhost:27017
2017/10/27-10:47:51.040 DEBUG o.m.d.p.query[debug:56] - Query completed
2017/10/27-10:47:51.041 DEBUG o.m.d.p.delete[debug:56] - Deleting documents from namespace IITP-IOT-TEST01.resource on connection [connectionId{localValue:64, serverValue:87}] to server localhost:27017
2017/10/27-10:47:51.042 DEBUG o.m.d.p.delete[debug:56] - Delete completed
2017/10/27-10:47:51.043 DEBUG n.h.i.o.i.m.d.ResourceDAO[deleteDocument:1062] - AcknowledgedDeleteResult{deletedCount=1}
2017/10/27-10:47:51.043 DEBUG n.h.i.o.i.c.AnnounceController[announce:407] - reqResource: null, orgResource: [BasicResource]
id:null
uri:/herit-in/herit-cse/ae_0002/CNT003
resourceName:CNT003
resourceType:3
resourceID:CONTAINER_9
parentID:ae_0002
creationTime:20171027T104533
lastModifiedTime:20171027T104639
labels:[key2]
[RegularResource]
accessControlPolicyIDs: null
expirationTime: 20171030T104533
dynamicAuthorizationConsultationIDs: null
announceTo: null

announcedAttribute: null
[container]
creator:ae_0001
maxNrOfInstance:50
maxByteSize:102400
maxInstanceAge:36000
currentNrOfInstances:0
currentByteSize:0
locationID:null
ontologyRef:null

2017/10/27-10:47:51.043 DEBUG n.h.i.o.i.c.AnnounceController[createAnncDoc:69] - resource is not AnnounceableResource or AnnounceableSubordinateResource
2017/10/27-10:47:51.045 DEBUG o.m.d.p.query[debug:56] - Sending query of namespace IITP-IOT-TEST01.resource on connection [connectionId{localValue:64, serverValue:87}] to server localhost:27017
2017/10/27-10:47:51.046 DEBUG o.m.d.p.query[debug:56] - Query completed
2017/10/27-10:47:51.047 DEBUG o.m.d.p.query[debug:56] - Sending query of namespace IITP-IOT-TEST01.resource on connection [connectionId{localValue:64, serverValue:87}] to server localhost:27017
2017/10/27-10:47:51.048 DEBUG o.m.d.p.query[debug:56] - Query completed
2017/10/27-10:47:51.048 DEBUG n.h.i.o.i.c.NotificationController[notify:501] - subscriptions:[]
2017/10/27-10:47:51.048 DEBUG n.h.i.o.r.Resource[processEx:102] - process
2017/10/27-10:47:51.049 DEBUG n.h.i.o.r.Resource[process:117] - ResourceManager.process
2017/10/27-10:47:51.049 DEBUG n.h.i.o.i.InCse[sendCoapResponse:559] - << SEND CoAP MESSAGE:
2017/10/27-10:47:51.050 DEBUG n.h.i.o.i.InCse[sendCoapResponse:560] - null-2.02   MID=   -1, Token=null, OptionSet={"Unknown (256)":0x61655f30303031, "Unknown (257)":0x7265715f323232323232, "Unknown (265)":0x07d2}, no payload
2017/10/27-10:47:51.051 DEBUG n.h.i.o.i.InCse[sendCoapResponse:561] - 
