2017/10/31-15:05:53.906 INFO  n.h.i.o.i.f.CfgManager[initialize:81] - Configuration loading started!!!
2017/10/31-15:05:53.954 INFO  n.h.i.o.i.f.CfgManager[initialize:103] - Configuration loading succeeded!!!
2017/10/31-15:05:54.213 INFO  o.m.d.cluster[info:71] - Cluster created with settings {hosts=[localhost:27017], mode=SINGLE, requiredClusterType=UNKNOWN, serverSelectionTimeout='30000 ms', maxWaitQueueSize=640}
2017/10/31-15:05:54.213 INFO  o.m.d.cluster[info:71] - Cluster created with settings {hosts=[localhost:27017], mode=SINGLE, requiredClusterType=UNKNOWN, serverSelectionTimeout='30000 ms', maxWaitQueueSize=640}
2017/10/31-15:05:54.231 DEBUG o.m.d.connection[debug:56] - Ensuring minimum pooled connections to localhost:27017
2017/10/31-15:05:54.346 DEBUG n.h.i.o.b.h.s.HttpServer[<init>:82] - Netty bossThreadPoolSize: 0, workerThreadPoolSize: 1024
2017/10/31-15:05:54.368 DEBUG i.n.u.i.l.InternalLoggerFactory[debug:71] - Using SLF4J as the default logging framework
2017/10/31-15:05:54.370 DEBUG i.n.c.MultithreadEventLoopGroup[debug:76] - -Dio.netty.eventLoopThreads: 4
2017/10/31-15:05:54.383 DEBUG i.n.u.i.PlatformDependent0[debug:76] - java.nio.Buffer.address: available
2017/10/31-15:05:54.383 DEBUG i.n.u.i.PlatformDependent0[debug:76] - sun.misc.Unsafe.theUnsafe: available
2017/10/31-15:05:54.384 DEBUG i.n.u.i.PlatformDependent0[debug:71] - sun.misc.Unsafe.copyMemory: available
2017/10/31-15:05:54.385 DEBUG i.n.u.i.PlatformDependent0[debug:76] - java.nio.Bits.unaligned: true
2017/10/31-15:05:54.385 INFO  o.m.d.connection[info:71] - Opened connection [connectionId{localValue:65, serverValue:33}] to localhost:27017
2017/10/31-15:05:54.386 DEBUG i.n.u.i.PlatformDependent[debug:76] - Java version: 7
2017/10/31-15:05:54.387 DEBUG i.n.u.i.PlatformDependent[debug:76] - -Dio.netty.noUnsafe: false
2017/10/31-15:05:54.387 INFO  o.m.d.cluster[info:71] - Monitor thread successfully connected to server with description ServerDescription{address=localhost:27017, type=STANDALONE, state=CONNECTED, ok=true, version=ServerVersion{versionList=[3, 2, 9]}, minWireVersion=0, maxWireVersion=4, electionId=null, maxDocumentSize=16777216, roundTripTimeNanos=998000}
2017/10/31-15:05:54.387 INFO  o.m.d.cluster[info:71] - Monitor thread successfully connected to server with description ServerDescription{address=localhost:27017, type=STANDALONE, state=CONNECTED, ok=true, version=ServerVersion{versionList=[3, 2, 9]}, minWireVersion=0, maxWireVersion=4, electionId=null, maxDocumentSize=16777216, roundTripTimeNanos=998000}
2017/10/31-15:05:54.388 DEBUG i.n.u.i.PlatformDependent[debug:76] - sun.misc.Unsafe: available
2017/10/31-15:05:54.389 DEBUG i.n.u.i.PlatformDependent[debug:76] - -Dio.netty.noJavassist: false
2017/10/31-15:05:54.390 DEBUG i.n.u.i.PlatformDependent[debug:71] - Javassist: unavailable
2017/10/31-15:05:54.391 DEBUG i.n.u.i.PlatformDependent[debug:71] - You don't have Javassist in your class path or you don't have enough permission to load dynamically generated classes.  Please check the configuration for better performance.
2017/10/31-15:05:54.391 DEBUG i.n.u.i.PlatformDependent[debug:76] - -Dio.netty.tmpdir: /var/folders/tm/w6pglknj4gl9pqfcx2t9pwfr0000gn/T (java.io.tmpdir)
2017/10/31-15:05:54.391 DEBUG i.n.u.i.PlatformDependent[debug:76] - -Dio.netty.bitMode: 64 (sun.arch.data.model)
2017/10/31-15:05:54.392 DEBUG i.n.u.i.PlatformDependent[debug:76] - -Dio.netty.noPreferDirect: false
2017/10/31-15:05:54.439 DEBUG i.n.c.n.NioEventLoop[debug:76] - -Dio.netty.noKeySetOptimization: false
2017/10/31-15:05:54.439 DEBUG i.n.c.n.NioEventLoop[debug:76] - -Dio.netty.selectorAutoRebuildThreshold: 512
2017/10/31-15:05:54.765 DEBUG n.h.i.o.b.c.s.HCoapServer[<init>:123] - ######### HCoapServer RESOURCE_ID: herit-in, resourceName: herit-cse
2017/10/31-15:05:54.765 DEBUG n.h.i.o.b.c.s.HCoapServer[addEndpoints:48] - addEndpoints
2017/10/31-15:05:54.810 INFO  n.h.i.o.b.c.s.HCoapServer[addEndpoints:58] - Coap port: 5683
2017/10/31-15:05:54.982 INFO  n.h.i.o.b.c.s.HCoapServer[addEndpoints:91] - Coaps port: 4433
2017/10/31-15:05:55.168 INFO  o.m.d.connection[info:71] - Opened connection [connectionId{localValue:64, serverValue:34}] to localhost:27017
2017/10/31-15:05:55.179 DEBUG o.m.d.p.query[debug:56] - Sending query of namespace IITP-IOT-TTA_ACTION5.configuration on connection [connectionId{localValue:64, serverValue:34}] to server localhost:27017
2017/10/31-15:05:55.195 DEBUG o.m.d.p.query[debug:56] - Query completed
2017/10/31-15:05:55.197 DEBUG n.h.i.o.i.m.d.SeqNumDAO[getAllSequenceNumber:52] - Pass non integer sequence:_id
2017/10/31-15:05:55.197 DEBUG n.h.i.o.i.m.d.SeqNumDAO[getAllSequenceNumber:52] - Pass non integer sequence:CONFIGURATION_NAME
2017/10/31-15:05:55.197 INFO  n.h.i.o.i.f.QosManager[initialize:62] - QoS initialization started!!!
2017/10/31-15:05:55.216 DEBUG o.m.d.p.command[debug:56] - Sending command {count : BsonString{value='resource'}} to database IITP-IOT-TTA_ACTION5 on connection [connectionId{localValue:64, serverValue:34}] to server localhost:27017
2017/10/31-15:05:55.221 DEBUG o.m.d.p.command[debug:56] - Command execution completed
2017/10/31-15:05:55.224 DEBUG o.m.d.p.command[debug:56] - Sending command {count : BsonString{value='resource'}} to database IITP-IOT-TTA_ACTION5 on connection [connectionId{localValue:64, serverValue:34}] to server localhost:27017
2017/10/31-15:05:55.226 DEBUG o.m.d.p.command[debug:56] - Command execution completed
2017/10/31-15:05:55.227 INFO  n.h.i.o.i.f.QosManager[initialize:86] - AE- Max:1024, Current:1
2017/10/31-15:05:55.227 INFO  n.h.i.o.i.f.QosManager[initialize:87] - CSE- Max:300, Current:0
2017/10/31-15:05:55.227 INFO  n.h.i.o.i.f.QosManager[initialize:95] - QoS initialization ended!!!
2017/10/31-15:05:55.248 DEBUG n.h.i.o.i.m.d.CSEBaseDAO[retrieve:65] - retrieve id=/herit-cse, result content type=null
2017/10/31-15:05:58.852 DEBUG o.m.d.p.query[debug:56] - Sending query of namespace IITP-IOT-TTA_ACTION5.resource on connection [connectionId{localValue:64, serverValue:34}] to server localhost:27017
2017/10/31-15:05:58.854 DEBUG o.m.d.p.query[debug:56] - Query completed
2017/10/31-15:05:58.859 DEBUG o.m.d.p.query[debug:56] - Sending query of namespace IITP-IOT-TTA_ACTION5.resource on connection [connectionId{localValue:64, serverValue:34}] to server localhost:27017
2017/10/31-15:05:58.861 DEBUG o.m.d.p.query[debug:56] - Query completed
2017/10/31-15:05:58.867 DEBUG n.h.i.o.i.InCse[<init>:165] - Handled exception
net.herit.iot.onem2m.core.util.OneM2MException: Resource already exist!!! :/herit-in/herit-cse
	at net.herit.iot.onem2m.incse.manager.dao.ResourceDAO.create(ResourceDAO.java:151) ~[classes/:na]
	at net.herit.iot.onem2m.incse.manager.dao.CSEBaseDAO.create(CSEBaseDAO.java:45) ~[classes/:na]
	at net.herit.iot.onem2m.incse.manager.CSEBaseManager.createIfNotExist(CSEBaseManager.java:132) ~[classes/:na]
	at net.herit.iot.onem2m.incse.InCse.<init>(InCse.java:163) [classes/:na]
	at net.herit.iot.onem2m.incse.InCse.main(InCse.java:655) [classes/:na]
2017/10/31-15:05:58.980 DEBUG n.h.i.o.b.m.c.MqttClientHandler[connect:201] - MQTT] connected to mqtt borker.
2017/10/31-15:05:58.993 DEBUG n.h.i.o.b.m.c.MqttClientHandler[connect:106] - [MqttClientHandler.connect] connected! CES_ID : herit-in, BrokerURL : tcp://192.168.1.144:1883
2017/10/31-15:05:59.020 DEBUG n.h.i.o.b.m.c.MqttClientHandler[setSubscribe:337] - SUBSCRIBED. TOPIC = /oneM2M/req/+/herit-in
2017/10/31-15:05:59.085 DEBUG n.h.i.o.b.m.c.MqttClientHandler[setSubscribe:340] - SUBSCRIBED. TOPIC = /oneM2M/resp/herit-in/+
2017/10/31-15:06:02.147 DEBUG i.n.u.i.ThreadLocalRandom[debug:71] - -Dio.netty.initialSeedUniquifier: 0xe2a78b56c4b41e97 (took 0 ms)
2017/10/31-15:06:02.216 DEBUG i.n.b.ByteBufUtil[debug:76] - -Dio.netty.allocator.type: unpooled
2017/10/31-15:06:02.217 DEBUG i.n.b.ByteBufUtil[debug:76] - -Dio.netty.threadLocalDirectBufferSize: 65536
2017/10/31-15:06:02.217 DEBUG i.n.b.ByteBufUtil[debug:76] - -Dio.netty.maxThreadLocalCharBufferSize: 16384
2017/10/31-15:06:02.220 DEBUG i.n.u.NetUtil[debug:86] - Loopback interface: lo0 (lo0, 0:0:0:0:0:0:0:1)
2017/10/31-15:06:02.221 DEBUG i.n.u.NetUtil[debug:81] - /proc/sys/net/core/somaxconn: 128 (non-existent)
2017/10/31-15:06:02.233 DEBUG n.h.i.o.b.h.s.HttpServer[runAll:157] - Open your web browser and navigate to http://127.0.0.1:8080/
2017/10/31-15:06:02.248 INFO  i.n.h.l.LoggingHandler[info:101] - [id: 0xbc19e778] REGISTERED
2017/10/31-15:06:02.249 INFO  i.n.h.l.LoggingHandler[info:101] - [id: 0xbc19e778] BIND(0.0.0.0/0.0.0.0:8080)
2017/10/31-15:06:02.256 INFO  i.n.h.l.LoggingHandler[info:101] - [id: 0xbc19e778, /0:0:0:0:0:0:0:0:8080] ACTIVE
2017/10/31-15:06:02.590 DEBUG i.n.b.AbstractByteBuf[debug:81] - -Dio.netty.buffer.bytebuf.checkAccessible: true
2017/10/31-15:06:02.594 DEBUG i.n.u.ResourceLeakDetector[debug:81] - -Dio.netty.leakDetection.level: simple
2017/10/31-15:06:02.594 DEBUG i.n.u.ResourceLeakDetector[debug:81] - -Dio.netty.leakDetection.maxRecords: 4
2017/10/31-15:06:02.636 DEBUG i.n.u.i.Cleaner0[debug:76] - java.nio.ByteBuffer.cleaner(): available
2017/10/31-15:06:02.651 DEBUG i.n.h.s.OpenSsl[debug:71] - netty-tcnative not in the classpath; OpenSslEngine will be unavailable.
2017/10/31-15:06:02.964 DEBUG i.n.h.s.JdkSslContext[debug:76] - Default protocols (JDK): [TLSv1.2, TLSv1.1, TLSv1] 
2017/10/31-15:06:02.965 DEBUG i.n.h.s.JdkSslContext[debug:76] - Default cipher suites (JDK): [TLS_ECDHE_RSA_WITH_AES_128_CBC_SHA, TLS_RSA_WITH_AES_128_CBC_SHA, SSL_RSA_WITH_3DES_EDE_CBC_SHA]
2017/10/31-15:06:02.978 INFO  i.n.h.l.LoggingHandler[info:101] - [id: 0x7e042638] REGISTERED
2017/10/31-15:06:02.979 INFO  i.n.h.l.LoggingHandler[info:101] - [id: 0x7e042638] BIND(0.0.0.0/0.0.0.0:8443)
2017/10/31-15:06:02.980 INFO  i.n.h.l.LoggingHandler[info:101] - [id: 0x7e042638, /0:0:0:0:0:0:0:0:8443] ACTIVE
2017/10/31-15:06:02.980 DEBUG n.h.i.o.b.h.s.HttpServer[runAll:157] - Open your web browser and navigate to https://127.0.0.1:8443/
2017/10/31-15:06:02.982 INFO  i.n.h.l.LoggingHandler[info:101] - [id: 0x7c12e48f] REGISTERED
2017/10/31-15:06:02.983 INFO  i.n.h.l.LoggingHandler[info:101] - [id: 0x7c12e48f] BIND(0.0.0.0/0.0.0.0:8081)
2017/10/31-15:06:02.983 INFO  i.n.h.l.LoggingHandler[info:101] - [id: 0x7c12e48f, /0:0:0:0:0:0:0:0:8081] ACTIVE
2017/10/31-15:06:02.984 DEBUG n.h.i.o.b.h.s.HttpServer[runAll:157] - Open your web browser and navigate to http://127.0.0.1:8081/
2017/10/31-15:06:54.232 DEBUG o.m.d.connection[debug:56] - Ensuring minimum pooled connections to localhost:27017
2017/10/31-15:07:54.231 DEBUG o.m.d.connection[debug:56] - Ensuring minimum pooled connections to localhost:27017
2017/10/31-15:08:54.232 DEBUG o.m.d.connection[debug:56] - Ensuring minimum pooled connections to localhost:27017
2017/10/31-15:09:32.239 DEBUG n.h.i.o.b.c.c.HCoapClient[process:141] - SEND CoAP MESSAGE: 
2017/10/31-15:09:32.247 DEBUG n.h.i.o.b.c.c.HCoapClient[process:142] - 
 Operation=RETRIEVE
 To=/~/herit-in
 From:ae_0001
 RemoteHost:null
 RequestIdentifier:req_222222
 ResourceType:NONE
 OriginatingTimestamp:null
 RequestExpirationTimestamp:null
 ResultExpirationTimestamp:null
 OperationExecutionTime:null
 ResponseType:NONE: 
 ResultPersistence:null
 ResultContent:NONE
 EventCategory:null
 DeliveryAggregation:null
 GroupRequestIdentifier:null
 DiscoveryResultType:NONE
 Accept:application/json
 ContentType:application/json

2017/10/31-15:09:32.248 DEBUG n.h.i.o.b.c.c.HCoapClient[process:143] - 
2017/10/31-15:10:48.000 INFO  n.h.i.o.i.f.CfgManager[initialize:81] - Configuration loading started!!!
2017/10/31-15:10:48.053 INFO  n.h.i.o.i.f.CfgManager[initialize:103] - Configuration loading succeeded!!!
2017/10/31-15:10:48.359 INFO  o.m.d.cluster[info:71] - Cluster created with settings {hosts=[localhost:27017], mode=SINGLE, requiredClusterType=UNKNOWN, serverSelectionTimeout='30000 ms', maxWaitQueueSize=640}
2017/10/31-15:10:48.359 INFO  o.m.d.cluster[info:71] - Cluster created with settings {hosts=[localhost:27017], mode=SINGLE, requiredClusterType=UNKNOWN, serverSelectionTimeout='30000 ms', maxWaitQueueSize=640}
2017/10/31-15:10:48.373 DEBUG o.m.d.connection[debug:56] - Ensuring minimum pooled connections to localhost:27017
2017/10/31-15:10:48.519 DEBUG n.h.i.o.b.h.s.HttpServer[<init>:82] - Netty bossThreadPoolSize: 0, workerThreadPoolSize: 1024
2017/10/31-15:10:48.536 DEBUG i.n.u.i.l.InternalLoggerFactory[debug:71] - Using SLF4J as the default logging framework
2017/10/31-15:10:48.538 DEBUG i.n.c.MultithreadEventLoopGroup[debug:76] - -Dio.netty.eventLoopThreads: 4
2017/10/31-15:10:48.552 INFO  o.m.d.connection[info:71] - Opened connection [connectionId{localValue:65, serverValue:35}] to localhost:27017
2017/10/31-15:10:48.555 INFO  o.m.d.cluster[info:71] - Monitor thread successfully connected to server with description ServerDescription{address=localhost:27017, type=STANDALONE, state=CONNECTED, ok=true, version=ServerVersion{versionList=[3, 2, 9]}, minWireVersion=0, maxWireVersion=4, electionId=null, maxDocumentSize=16777216, roundTripTimeNanos=1059000}
2017/10/31-15:10:48.555 INFO  o.m.d.cluster[info:71] - Monitor thread successfully connected to server with description ServerDescription{address=localhost:27017, type=STANDALONE, state=CONNECTED, ok=true, version=ServerVersion{versionList=[3, 2, 9]}, minWireVersion=0, maxWireVersion=4, electionId=null, maxDocumentSize=16777216, roundTripTimeNanos=1059000}
2017/10/31-15:10:48.556 DEBUG i.n.u.i.PlatformDependent0[debug:76] - java.nio.Buffer.address: available
2017/10/31-15:10:48.557 DEBUG i.n.u.i.PlatformDependent0[debug:76] - sun.misc.Unsafe.theUnsafe: available
2017/10/31-15:10:48.557 DEBUG i.n.u.i.PlatformDependent0[debug:71] - sun.misc.Unsafe.copyMemory: available
2017/10/31-15:10:48.558 DEBUG i.n.u.i.PlatformDependent0[debug:76] - java.nio.Bits.unaligned: true
2017/10/31-15:10:48.560 DEBUG i.n.u.i.PlatformDependent[debug:76] - Java version: 7
2017/10/31-15:10:48.561 DEBUG i.n.u.i.PlatformDependent[debug:76] - -Dio.netty.noUnsafe: false
2017/10/31-15:10:48.562 DEBUG i.n.u.i.PlatformDependent[debug:76] - sun.misc.Unsafe: available
2017/10/31-15:10:48.562 DEBUG i.n.u.i.PlatformDependent[debug:76] - -Dio.netty.noJavassist: false
2017/10/31-15:10:48.563 DEBUG i.n.u.i.PlatformDependent[debug:71] - Javassist: unavailable
2017/10/31-15:10:48.564 DEBUG i.n.u.i.PlatformDependent[debug:71] - You don't have Javassist in your class path or you don't have enough permission to load dynamically generated classes.  Please check the configuration for better performance.
2017/10/31-15:10:48.564 DEBUG i.n.u.i.PlatformDependent[debug:76] - -Dio.netty.tmpdir: /var/folders/tm/w6pglknj4gl9pqfcx2t9pwfr0000gn/T (java.io.tmpdir)
2017/10/31-15:10:48.564 DEBUG i.n.u.i.PlatformDependent[debug:76] - -Dio.netty.bitMode: 64 (sun.arch.data.model)
2017/10/31-15:10:48.565 DEBUG i.n.u.i.PlatformDependent[debug:76] - -Dio.netty.noPreferDirect: false
2017/10/31-15:10:48.713 DEBUG i.n.c.n.NioEventLoop[debug:76] - -Dio.netty.noKeySetOptimization: false
2017/10/31-15:10:48.714 DEBUG i.n.c.n.NioEventLoop[debug:76] - -Dio.netty.selectorAutoRebuildThreshold: 512
2017/10/31-15:10:49.065 DEBUG n.h.i.o.b.c.s.HCoapServer[<init>:123] - ######### HCoapServer RESOURCE_ID: herit-in, resourceName: herit-cse
2017/10/31-15:10:49.066 DEBUG n.h.i.o.b.c.s.HCoapServer[addEndpoints:48] - addEndpoints
2017/10/31-15:10:49.135 INFO  n.h.i.o.b.c.s.HCoapServer[addEndpoints:58] - Coap port: 5683
2017/10/31-15:10:49.335 INFO  n.h.i.o.b.c.s.HCoapServer[addEndpoints:91] - Coaps port: 4433
2017/10/31-15:10:49.382 INFO  o.m.d.connection[info:71] - Opened connection [connectionId{localValue:64, serverValue:36}] to localhost:27017
2017/10/31-15:10:49.389 DEBUG o.m.d.p.query[debug:56] - Sending query of namespace IITP-IOT-TTA_ACTION5.configuration on connection [connectionId{localValue:64, serverValue:36}] to server localhost:27017
2017/10/31-15:10:49.431 DEBUG o.m.d.p.query[debug:56] - Query completed
2017/10/31-15:10:49.433 DEBUG n.h.i.o.i.m.d.SeqNumDAO[getAllSequenceNumber:52] - Pass non integer sequence:_id
2017/10/31-15:10:49.433 DEBUG n.h.i.o.i.m.d.SeqNumDAO[getAllSequenceNumber:52] - Pass non integer sequence:CONFIGURATION_NAME
2017/10/31-15:10:49.434 INFO  n.h.i.o.i.f.QosManager[initialize:62] - QoS initialization started!!!
2017/10/31-15:10:49.478 DEBUG o.m.d.p.command[debug:56] - Sending command {count : BsonString{value='resource'}} to database IITP-IOT-TTA_ACTION5 on connection [connectionId{localValue:64, serverValue:36}] to server localhost:27017
2017/10/31-15:10:49.483 DEBUG o.m.d.p.command[debug:56] - Command execution completed
2017/10/31-15:10:49.503 DEBUG o.m.d.p.command[debug:56] - Sending command {count : BsonString{value='resource'}} to database IITP-IOT-TTA_ACTION5 on connection [connectionId{localValue:64, serverValue:36}] to server localhost:27017
2017/10/31-15:10:49.505 DEBUG o.m.d.p.command[debug:56] - Command execution completed
2017/10/31-15:10:49.506 INFO  n.h.i.o.i.f.QosManager[initialize:86] - AE- Max:1024, Current:1
2017/10/31-15:10:49.506 INFO  n.h.i.o.i.f.QosManager[initialize:87] - CSE- Max:300, Current:0
2017/10/31-15:10:49.506 INFO  n.h.i.o.i.f.QosManager[initialize:95] - QoS initialization ended!!!
2017/10/31-15:10:49.532 DEBUG n.h.i.o.i.m.d.CSEBaseDAO[retrieve:65] - retrieve id=/herit-cse, result content type=null
2017/10/31-15:10:53.685 DEBUG o.m.d.p.query[debug:56] - Sending query of namespace IITP-IOT-TTA_ACTION5.resource on connection [connectionId{localValue:64, serverValue:36}] to server localhost:27017
2017/10/31-15:10:53.686 DEBUG o.m.d.p.query[debug:56] - Query completed
2017/10/31-15:10:53.690 DEBUG o.m.d.p.query[debug:56] - Sending query of namespace IITP-IOT-TTA_ACTION5.resource on connection [connectionId{localValue:64, serverValue:36}] to server localhost:27017
2017/10/31-15:10:53.692 DEBUG o.m.d.p.query[debug:56] - Query completed
2017/10/31-15:10:53.699 DEBUG n.h.i.o.i.InCse[<init>:165] - Handled exception
net.herit.iot.onem2m.core.util.OneM2MException: Resource already exist!!! :/herit-in/herit-cse
	at net.herit.iot.onem2m.incse.manager.dao.ResourceDAO.create(ResourceDAO.java:151) ~[classes/:na]
	at net.herit.iot.onem2m.incse.manager.dao.CSEBaseDAO.create(CSEBaseDAO.java:45) ~[classes/:na]
	at net.herit.iot.onem2m.incse.manager.CSEBaseManager.createIfNotExist(CSEBaseManager.java:132) ~[classes/:na]
	at net.herit.iot.onem2m.incse.InCse.<init>(InCse.java:163) [classes/:na]
	at net.herit.iot.onem2m.incse.InCse.main(InCse.java:655) [classes/:na]
2017/10/31-15:10:53.839 DEBUG n.h.i.o.b.m.c.MqttClientHandler[connect:201] - MQTT] connected to mqtt borker.
2017/10/31-15:10:53.840 DEBUG n.h.i.o.b.m.c.MqttClientHandler[connect:106] - [MqttClientHandler.connect] connected! CES_ID : herit-in, BrokerURL : tcp://192.168.1.144:1883
2017/10/31-15:10:53.852 DEBUG n.h.i.o.b.m.c.MqttClientHandler[setSubscribe:337] - SUBSCRIBED. TOPIC = /oneM2M/req/+/herit-in
2017/10/31-15:10:53.905 DEBUG n.h.i.o.b.m.c.MqttClientHandler[setSubscribe:340] - SUBSCRIBED. TOPIC = /oneM2M/resp/herit-in/+
2017/10/31-15:10:56.977 DEBUG i.n.u.i.ThreadLocalRandom[debug:71] - -Dio.netty.initialSeedUniquifier: 0xeafecb5b92f28b35 (took 1 ms)
2017/10/31-15:10:57.190 DEBUG i.n.b.ByteBufUtil[debug:76] - -Dio.netty.allocator.type: unpooled
2017/10/31-15:10:57.190 DEBUG i.n.b.ByteBufUtil[debug:76] - -Dio.netty.threadLocalDirectBufferSize: 65536
2017/10/31-15:10:57.191 DEBUG i.n.b.ByteBufUtil[debug:76] - -Dio.netty.maxThreadLocalCharBufferSize: 16384
2017/10/31-15:10:57.194 DEBUG i.n.u.NetUtil[debug:86] - Loopback interface: lo0 (lo0, 0:0:0:0:0:0:0:1)
2017/10/31-15:10:57.196 DEBUG i.n.u.NetUtil[debug:81] - /proc/sys/net/core/somaxconn: 128 (non-existent)
2017/10/31-15:10:57.211 INFO  i.n.h.l.LoggingHandler[info:101] - [id: 0x9b86980c] REGISTERED
2017/10/31-15:10:57.215 DEBUG n.h.i.o.b.h.s.HttpServer[runAll:157] - Open your web browser and navigate to http://127.0.0.1:8080/
2017/10/31-15:10:57.218 INFO  i.n.h.l.LoggingHandler[info:101] - [id: 0x9b86980c] BIND(0.0.0.0/0.0.0.0:8080)
2017/10/31-15:10:57.222 INFO  i.n.h.l.LoggingHandler[info:101] - [id: 0x9b86980c, /0:0:0:0:0:0:0:0:8080] ACTIVE
2017/10/31-15:10:57.762 DEBUG i.n.b.AbstractByteBuf[debug:81] - -Dio.netty.buffer.bytebuf.checkAccessible: true
2017/10/31-15:10:57.765 DEBUG i.n.u.ResourceLeakDetector[debug:81] - -Dio.netty.leakDetection.level: simple
2017/10/31-15:10:57.766 DEBUG i.n.u.ResourceLeakDetector[debug:81] - -Dio.netty.leakDetection.maxRecords: 4
2017/10/31-15:10:57.821 DEBUG i.n.u.i.Cleaner0[debug:76] - java.nio.ByteBuffer.cleaner(): available
2017/10/31-15:10:57.837 DEBUG i.n.h.s.OpenSsl[debug:71] - netty-tcnative not in the classpath; OpenSslEngine will be unavailable.
2017/10/31-15:10:58.174 DEBUG i.n.h.s.JdkSslContext[debug:76] - Default protocols (JDK): [TLSv1.2, TLSv1.1, TLSv1] 
2017/10/31-15:10:58.175 DEBUG i.n.h.s.JdkSslContext[debug:76] - Default cipher suites (JDK): [TLS_ECDHE_RSA_WITH_AES_128_CBC_SHA, TLS_RSA_WITH_AES_128_CBC_SHA, SSL_RSA_WITH_3DES_EDE_CBC_SHA]
2017/10/31-15:10:58.188 INFO  i.n.h.l.LoggingHandler[info:101] - [id: 0xdbe916bf] REGISTERED
2017/10/31-15:10:58.189 INFO  i.n.h.l.LoggingHandler[info:101] - [id: 0xdbe916bf] BIND(0.0.0.0/0.0.0.0:8443)
2017/10/31-15:10:58.189 INFO  i.n.h.l.LoggingHandler[info:101] - [id: 0xdbe916bf, /0:0:0:0:0:0:0:0:8443] ACTIVE
2017/10/31-15:10:58.189 DEBUG n.h.i.o.b.h.s.HttpServer[runAll:157] - Open your web browser and navigate to https://127.0.0.1:8443/
2017/10/31-15:10:58.191 INFO  i.n.h.l.LoggingHandler[info:101] - [id: 0x912a0792] REGISTERED
2017/10/31-15:10:58.192 INFO  i.n.h.l.LoggingHandler[info:101] - [id: 0x912a0792] BIND(0.0.0.0/0.0.0.0:8081)
2017/10/31-15:10:58.192 INFO  i.n.h.l.LoggingHandler[info:101] - [id: 0x912a0792, /0:0:0:0:0:0:0:0:8081] ACTIVE
2017/10/31-15:10:58.192 DEBUG n.h.i.o.b.h.s.HttpServer[runAll:157] - Open your web browser and navigate to http://127.0.0.1:8081/
2017/10/31-15:13:04.129 INFO  n.h.i.o.i.f.CfgManager[initialize:81] - Configuration loading started!!!
2017/10/31-15:13:04.180 INFO  n.h.i.o.i.f.CfgManager[initialize:103] - Configuration loading succeeded!!!
2017/10/31-15:13:04.466 INFO  o.m.d.cluster[info:71] - Cluster created with settings {hosts=[localhost:27017], mode=SINGLE, requiredClusterType=UNKNOWN, serverSelectionTimeout='30000 ms', maxWaitQueueSize=640}
2017/10/31-15:13:04.466 INFO  o.m.d.cluster[info:71] - Cluster created with settings {hosts=[localhost:27017], mode=SINGLE, requiredClusterType=UNKNOWN, serverSelectionTimeout='30000 ms', maxWaitQueueSize=640}
2017/10/31-15:13:04.483 DEBUG o.m.d.connection[debug:56] - Ensuring minimum pooled connections to localhost:27017
2017/10/31-15:13:04.597 DEBUG n.h.i.o.b.h.s.HttpServer[<init>:82] - Netty bossThreadPoolSize: 0, workerThreadPoolSize: 1024
2017/10/31-15:13:04.621 DEBUG i.n.u.i.l.InternalLoggerFactory[debug:71] - Using SLF4J as the default logging framework
2017/10/31-15:13:04.623 DEBUG i.n.c.MultithreadEventLoopGroup[debug:76] - -Dio.netty.eventLoopThreads: 4
2017/10/31-15:13:04.639 DEBUG i.n.u.i.PlatformDependent0[debug:76] - java.nio.Buffer.address: available
2017/10/31-15:13:04.639 INFO  o.m.d.connection[info:71] - Opened connection [connectionId{localValue:65, serverValue:37}] to localhost:27017
2017/10/31-15:13:04.640 DEBUG i.n.u.i.PlatformDependent0[debug:76] - sun.misc.Unsafe.theUnsafe: available
2017/10/31-15:13:04.640 DEBUG i.n.u.i.PlatformDependent0[debug:71] - sun.misc.Unsafe.copyMemory: available
2017/10/31-15:13:04.641 DEBUG i.n.u.i.PlatformDependent0[debug:76] - java.nio.Bits.unaligned: true
2017/10/31-15:13:04.641 INFO  o.m.d.cluster[info:71] - Monitor thread successfully connected to server with description ServerDescription{address=localhost:27017, type=STANDALONE, state=CONNECTED, ok=true, version=ServerVersion{versionList=[3, 2, 9]}, minWireVersion=0, maxWireVersion=4, electionId=null, maxDocumentSize=16777216, roundTripTimeNanos=1045000}
2017/10/31-15:13:04.641 INFO  o.m.d.cluster[info:71] - Monitor thread successfully connected to server with description ServerDescription{address=localhost:27017, type=STANDALONE, state=CONNECTED, ok=true, version=ServerVersion{versionList=[3, 2, 9]}, minWireVersion=0, maxWireVersion=4, electionId=null, maxDocumentSize=16777216, roundTripTimeNanos=1045000}
2017/10/31-15:13:04.643 DEBUG i.n.u.i.PlatformDependent[debug:76] - Java version: 7
2017/10/31-15:13:04.644 DEBUG i.n.u.i.PlatformDependent[debug:76] - -Dio.netty.noUnsafe: false
2017/10/31-15:13:04.644 DEBUG i.n.u.i.PlatformDependent[debug:76] - sun.misc.Unsafe: available
2017/10/31-15:13:04.645 DEBUG i.n.u.i.PlatformDependent[debug:76] - -Dio.netty.noJavassist: false
2017/10/31-15:13:04.646 DEBUG i.n.u.i.PlatformDependent[debug:71] - Javassist: unavailable
2017/10/31-15:13:04.647 DEBUG i.n.u.i.PlatformDependent[debug:71] - You don't have Javassist in your class path or you don't have enough permission to load dynamically generated classes.  Please check the configuration for better performance.
2017/10/31-15:13:04.647 DEBUG i.n.u.i.PlatformDependent[debug:76] - -Dio.netty.tmpdir: /var/folders/tm/w6pglknj4gl9pqfcx2t9pwfr0000gn/T (java.io.tmpdir)
2017/10/31-15:13:04.647 DEBUG i.n.u.i.PlatformDependent[debug:76] - -Dio.netty.bitMode: 64 (sun.arch.data.model)
2017/10/31-15:13:04.648 DEBUG i.n.u.i.PlatformDependent[debug:76] - -Dio.netty.noPreferDirect: false
2017/10/31-15:13:04.718 DEBUG i.n.c.n.NioEventLoop[debug:76] - -Dio.netty.noKeySetOptimization: false
2017/10/31-15:13:04.728 DEBUG i.n.c.n.NioEventLoop[debug:76] - -Dio.netty.selectorAutoRebuildThreshold: 512
2017/10/31-15:13:05.051 DEBUG n.h.i.o.b.c.s.HCoapServer[<init>:123] - ######### HCoapServer RESOURCE_ID: herit-in, resourceName: herit-cse
2017/10/31-15:13:05.052 DEBUG n.h.i.o.b.c.s.HCoapServer[addEndpoints:48] - addEndpoints
2017/10/31-15:13:05.076 INFO  n.h.i.o.b.c.s.HCoapServer[addEndpoints:58] - Coap port: 5683
2017/10/31-15:13:05.303 INFO  n.h.i.o.b.c.s.HCoapServer[addEndpoints:91] - Coaps port: 4433
2017/10/31-15:13:05.369 INFO  o.m.d.connection[info:71] - Opened connection [connectionId{localValue:64, serverValue:38}] to localhost:27017
2017/10/31-15:13:05.382 DEBUG o.m.d.p.query[debug:56] - Sending query of namespace IITP-IOT-TTA_ACTION5.configuration on connection [connectionId{localValue:64, serverValue:38}] to server localhost:27017
2017/10/31-15:13:05.404 DEBUG o.m.d.p.query[debug:56] - Query completed
2017/10/31-15:13:05.406 DEBUG n.h.i.o.i.m.d.SeqNumDAO[getAllSequenceNumber:52] - Pass non integer sequence:_id
2017/10/31-15:13:05.406 DEBUG n.h.i.o.i.m.d.SeqNumDAO[getAllSequenceNumber:52] - Pass non integer sequence:CONFIGURATION_NAME
2017/10/31-15:13:05.407 INFO  n.h.i.o.i.f.QosManager[initialize:62] - QoS initialization started!!!
2017/10/31-15:13:05.444 DEBUG o.m.d.p.command[debug:56] - Sending command {count : BsonString{value='resource'}} to database IITP-IOT-TTA_ACTION5 on connection [connectionId{localValue:64, serverValue:38}] to server localhost:27017
2017/10/31-15:13:05.452 DEBUG o.m.d.p.command[debug:56] - Command execution completed
2017/10/31-15:13:05.455 DEBUG o.m.d.p.command[debug:56] - Sending command {count : BsonString{value='resource'}} to database IITP-IOT-TTA_ACTION5 on connection [connectionId{localValue:64, serverValue:38}] to server localhost:27017
2017/10/31-15:13:05.471 DEBUG o.m.d.p.command[debug:56] - Command execution completed
2017/10/31-15:13:05.474 INFO  n.h.i.o.i.f.QosManager[initialize:86] - AE- Max:1024, Current:1
2017/10/31-15:13:05.475 INFO  n.h.i.o.i.f.QosManager[initialize:87] - CSE- Max:300, Current:0
2017/10/31-15:13:05.475 INFO  n.h.i.o.i.f.QosManager[initialize:95] - QoS initialization ended!!!
2017/10/31-15:13:05.585 DEBUG n.h.i.o.i.m.d.CSEBaseDAO[retrieve:65] - retrieve id=/herit-cse, result content type=null
2017/10/31-15:13:09.413 DEBUG o.m.d.p.query[debug:56] - Sending query of namespace IITP-IOT-TTA_ACTION5.resource on connection [connectionId{localValue:64, serverValue:38}] to server localhost:27017
2017/10/31-15:13:09.414 DEBUG o.m.d.p.query[debug:56] - Query completed
2017/10/31-15:13:09.416 DEBUG o.m.d.p.query[debug:56] - Sending query of namespace IITP-IOT-TTA_ACTION5.resource on connection [connectionId{localValue:64, serverValue:38}] to server localhost:27017
2017/10/31-15:13:09.418 DEBUG o.m.d.p.query[debug:56] - Query completed
2017/10/31-15:13:09.424 DEBUG n.h.i.o.i.InCse[<init>:165] - Handled exception
net.herit.iot.onem2m.core.util.OneM2MException: Resource already exist!!! :/herit-in/herit-cse
	at net.herit.iot.onem2m.incse.manager.dao.ResourceDAO.create(ResourceDAO.java:151) ~[classes/:na]
	at net.herit.iot.onem2m.incse.manager.dao.CSEBaseDAO.create(CSEBaseDAO.java:45) ~[classes/:na]
	at net.herit.iot.onem2m.incse.manager.CSEBaseManager.createIfNotExist(CSEBaseManager.java:132) ~[classes/:na]
	at net.herit.iot.onem2m.incse.InCse.<init>(InCse.java:163) [classes/:na]
	at net.herit.iot.onem2m.incse.InCse.main(InCse.java:655) [classes/:na]
2017/10/31-15:13:09.535 DEBUG n.h.i.o.b.m.c.MqttClientHandler[connect:201] - MQTT] connected to mqtt borker.
2017/10/31-15:13:09.536 DEBUG n.h.i.o.b.m.c.MqttClientHandler[connect:106] - [MqttClientHandler.connect] connected! CES_ID : herit-in, BrokerURL : tcp://192.168.1.144:1883
2017/10/31-15:13:09.544 DEBUG n.h.i.o.b.m.c.MqttClientHandler[setSubscribe:337] - SUBSCRIBED. TOPIC = /oneM2M/req/+/herit-in
2017/10/31-15:13:09.600 DEBUG n.h.i.o.b.m.c.MqttClientHandler[setSubscribe:340] - SUBSCRIBED. TOPIC = /oneM2M/resp/herit-in/+
2017/10/31-15:13:12.664 DEBUG i.n.u.i.ThreadLocalRandom[debug:71] - -Dio.netty.initialSeedUniquifier: 0xbd4529a75c52067a (took 0 ms)
2017/10/31-15:13:12.810 DEBUG i.n.b.ByteBufUtil[debug:76] - -Dio.netty.allocator.type: unpooled
2017/10/31-15:13:12.811 DEBUG i.n.b.ByteBufUtil[debug:76] - -Dio.netty.threadLocalDirectBufferSize: 65536
2017/10/31-15:13:12.811 DEBUG i.n.b.ByteBufUtil[debug:76] - -Dio.netty.maxThreadLocalCharBufferSize: 16384
2017/10/31-15:13:12.815 DEBUG i.n.u.NetUtil[debug:86] - Loopback interface: lo0 (lo0, 0:0:0:0:0:0:0:1)
2017/10/31-15:13:12.816 DEBUG i.n.u.NetUtil[debug:81] - /proc/sys/net/core/somaxconn: 128 (non-existent)
2017/10/31-15:13:12.849 INFO  i.n.h.l.LoggingHandler[info:101] - [id: 0xeac63fb7] REGISTERED
2017/10/31-15:13:12.850 INFO  i.n.h.l.LoggingHandler[info:101] - [id: 0xeac63fb7] BIND(0.0.0.0/0.0.0.0:8080)
2017/10/31-15:13:12.832 DEBUG n.h.i.o.b.h.s.HttpServer[runAll:157] - Open your web browser and navigate to http://127.0.0.1:8080/
2017/10/31-15:13:12.855 INFO  i.n.h.l.LoggingHandler[info:101] - [id: 0xeac63fb7, /0:0:0:0:0:0:0:0:8080] ACTIVE
2017/10/31-15:13:13.174 DEBUG i.n.b.AbstractByteBuf[debug:81] - -Dio.netty.buffer.bytebuf.checkAccessible: true
2017/10/31-15:13:13.185 DEBUG i.n.u.ResourceLeakDetector[debug:81] - -Dio.netty.leakDetection.level: simple
2017/10/31-15:13:13.186 DEBUG i.n.u.ResourceLeakDetector[debug:81] - -Dio.netty.leakDetection.maxRecords: 4
2017/10/31-15:13:13.241 DEBUG i.n.u.i.Cleaner0[debug:76] - java.nio.ByteBuffer.cleaner(): available
2017/10/31-15:13:13.255 DEBUG i.n.h.s.OpenSsl[debug:71] - netty-tcnative not in the classpath; OpenSslEngine will be unavailable.
2017/10/31-15:13:13.561 DEBUG i.n.h.s.JdkSslContext[debug:76] - Default protocols (JDK): [TLSv1.2, TLSv1.1, TLSv1] 
2017/10/31-15:13:13.562 DEBUG i.n.h.s.JdkSslContext[debug:76] - Default cipher suites (JDK): [TLS_ECDHE_RSA_WITH_AES_128_CBC_SHA, TLS_RSA_WITH_AES_128_CBC_SHA, SSL_RSA_WITH_3DES_EDE_CBC_SHA]
2017/10/31-15:13:13.577 INFO  i.n.h.l.LoggingHandler[info:101] - [id: 0xd10b792f] REGISTERED
2017/10/31-15:13:13.577 INFO  i.n.h.l.LoggingHandler[info:101] - [id: 0xd10b792f] BIND(0.0.0.0/0.0.0.0:8443)
2017/10/31-15:13:13.578 INFO  i.n.h.l.LoggingHandler[info:101] - [id: 0xd10b792f, /0:0:0:0:0:0:0:0:8443] ACTIVE
2017/10/31-15:13:13.579 DEBUG n.h.i.o.b.h.s.HttpServer[runAll:157] - Open your web browser and navigate to https://127.0.0.1:8443/
2017/10/31-15:13:13.581 INFO  i.n.h.l.LoggingHandler[info:101] - [id: 0x593d1414] REGISTERED
2017/10/31-15:13:13.583 INFO  i.n.h.l.LoggingHandler[info:101] - [id: 0x593d1414] BIND(0.0.0.0/0.0.0.0:8081)
2017/10/31-15:13:13.584 INFO  i.n.h.l.LoggingHandler[info:101] - [id: 0x593d1414, /0:0:0:0:0:0:0:0:8081] ACTIVE
2017/10/31-15:13:13.588 DEBUG n.h.i.o.b.h.s.HttpServer[runAll:157] - Open your web browser and navigate to http://127.0.0.1:8081/
2017/10/31-15:13:43.170 DEBUG n.h.i.o.i.InCse[receiveCoapRequest:499] - >> RECVD CoAP MESSAGE:
2017/10/31-15:13:43.173 DEBUG n.h.i.o.i.InCse[receiveCoapRequest:500] - Options format=-1
2017/10/31-15:13:43.174 DEBUG n.h.i.o.i.InCse[receiveCoapRequest:502] - RequestCode=GET
2017/10/31-15:13:43.174 DEBUG n.h.i.o.i.InCse[receiveCoapRequest:503] - RequestPayload=[B@59dca69b
2017/10/31-15:13:43.181 DEBUG n.h.i.o.i.InCse[receiveCoapRequest:504] - Options={"Uri-Host":"192.168.1.144", "Uri-Path":"herit-cse", "Accept":"application/xml", "Unknown (256)":0x2f68657269742d696e2f68657269742d6373652f4145303035, "Unknown (257)":0x6f6e654d324d5f435345426173655f42565f3031}
2017/10/31-15:13:43.182 DEBUG n.h.i.o.i.InCse[receiveCoapRequest:505] - UriPath=herit-cse
2017/10/31-15:13:43.182 DEBUG n.h.i.o.i.InCse[receiveCoapRequest:507] - 
2017/10/31-15:13:43.231 DEBUG n.h.i.o.i.InCse[receiveCoapRequest:516] - 
 Operation=RETRIEVE
 To=/herit-cse
 From:/herit-in/herit-cse/AE005
 RemoteHost:192.168.1.150
 RequestIdentifier:oneM2M_CSEBase_BV_01
 ResourceType:NONE
 OriginatingTimestamp:null
 RequestExpirationTimestamp:null
 ResultExpirationTimestamp:null
 OperationExecutionTime:null
 ResponseType:NONE: 
 ResultPersistence:null
 ResultContent:ATTRIBUTES
 EventCategory:null
 DeliveryAggregation:null
 GroupRequestIdentifier:null
 DiscoveryResultType:NONE
 Accept:application/xml
 ContentType:
 Content exist.

2017/10/31-15:13:43.235 DEBUG o.m.d.p.query[debug:56] - Sending query of namespace IITP-IOT-TTA_ACTION5.resource on connection [connectionId{localValue:64, serverValue:38}] to server localhost:27017
2017/10/31-15:13:43.239 DEBUG o.m.d.p.query[debug:56] - Query completed
2017/10/31-15:13:45.211 DEBUG n.h.i.o.i.f.QosManager[checkCseTps:179] - checkCseTps:/herit-in/herit-cse/AE005
2017/10/31-15:13:45.224 DEBUG n.h.i.o.i.OperationProcessor[revisePrimitiveRequest:267] - revisePrimitiveRequest: /herit-in/herit-cse
2017/10/31-15:13:45.234 DEBUG o.m.d.p.query[debug:56] - Sending query of namespace IITP-IOT-TTA_ACTION5.resource on connection [connectionId{localValue:64, serverValue:38}] to server localhost:27017
2017/10/31-15:13:45.236 DEBUG o.m.d.p.query[debug:56] - Query completed
2017/10/31-15:13:45.237 DEBUG o.m.d.p.query[debug:56] - Sending query of namespace IITP-IOT-TTA_ACTION5.resource on connection [connectionId{localValue:64, serverValue:38}] to server localhost:27017
2017/10/31-15:13:45.238 DEBUG o.m.d.p.query[debug:56] - Query completed
2017/10/31-15:13:45.239 DEBUG n.h.i.o.i.m.d.CSEBaseDAO[retrieve:65] - retrieve id=/herit-in/herit-cse, result content type=ATTRIBUTE
2017/10/31-15:13:45.240 DEBUG o.m.d.p.query[debug:56] - Sending query of namespace IITP-IOT-TTA_ACTION5.resource on connection [connectionId{localValue:64, serverValue:38}] to server localhost:27017
2017/10/31-15:13:45.241 DEBUG o.m.d.p.query[debug:56] - Query completed
2017/10/31-15:13:45.246 DEBUG n.h.i.o.i.m.Manager[getResourceFromDB:59] - resourceId: /herit-in
2017/10/31-15:13:45.246 DEBUG o.m.d.p.query[debug:56] - Sending query of namespace IITP-IOT-TTA_ACTION5.resource on connection [connectionId{localValue:64, serverValue:38}] to server localhost:27017
2017/10/31-15:13:45.247 DEBUG o.m.d.p.query[debug:56] - Query completed
2017/10/31-15:13:45.248 DEBUG n.h.i.o.i.m.Manager[retrieveResource:695] - Retrieve [BasicResource]
id:null
uri:/herit-in/herit-cse
resourceName:herit-cse
resourceType:5
resourceID:herit-in
parentID:null
creationTime:20171031T140206
lastModifiedTime:20171031T140206
labels:null

2017/10/31-15:13:45.249 DEBUG n.h.i.m.o.OneM2mResponse[<init>:209] - OneM2mResponse initialized with request!
2017/10/31-15:13:45.250 DEBUG n.h.i.o.r.Resource[processEx:102] - process
2017/10/31-15:13:45.250 DEBUG n.h.i.o.r.Resource[process:117] - ResourceManager.process
2017/10/31-15:13:46.474 DEBUG n.h.i.o.i.InCse[sendCoapResponse:559] - << SEND CoAP MESSAGE:
2017/10/31-15:13:46.479 DEBUG n.h.i.o.i.InCse[sendCoapResponse:560] - null-2.05   MID=   -1, Token=null, OptionSet={"Location-Path":["herit-in","herit-cse"], "Content-Format":"application/xml", "Unknown (256)":0x2f2f3139322e3136382e312e3134342f68657269742d696e, "Unknown (257)":0x6f6e654d324d5f435345426173655f42565f3031, "Unknown (265)":0x07d0}, "<?xml version="1.0" enco".. 470 bytes
2017/10/31-15:13:46.480 DEBUG n.h.i.o.i.InCse[sendCoapResponse:561] - <?xml version="1.0" encoding="utf-8"?>
<m2m:cb xsi:schemaLocation="http://www.onem2m.org/xml/protocols CDT-CSEBase-v2_7_0.xsd" xmlns:m2m="http://www.onem2m.org/xml/protocols" xmlns:xsi="http://www.w3.org/2001/XMLSchema-instance" rn="herit-cse">
   <ty>5</ty>
   <ri>herit-in</ri>
   <ct>20171031T140206</ct>
   <lt>20171031T140206</lt>
   <cst>1</cst>
   <csi>/herit-in</csi>
   <srt>1 2 3 4 5 9 14 15 16 17 23 18</srt>
   <poa>http://192.168.1.144:8080</poa>
</m2m:cb>

2017/10/31-15:13:56.177 DEBUG n.h.i.o.i.InCse[receiveCoapRequest:499] - >> RECVD CoAP MESSAGE:
2017/10/31-15:13:56.178 DEBUG n.h.i.o.i.InCse[receiveCoapRequest:500] - Options format=-1
2017/10/31-15:13:56.178 DEBUG n.h.i.o.i.InCse[receiveCoapRequest:502] - RequestCode=GET
2017/10/31-15:13:56.178 DEBUG n.h.i.o.i.InCse[receiveCoapRequest:503] - RequestPayload=[B@2eb3d215
2017/10/31-15:13:56.181 DEBUG n.h.i.o.i.InCse[receiveCoapRequest:504] - Options={"Uri-Host":"192.168.1.144", "Uri-Path":["herit-cse","AE005"], "Accept":"application/xml", "Unknown (256)":0x2f68657269742d696e2f68657269742d6373652f4145303035, "Unknown (257)":0x6f6e654d324d5f41455f42565f3032}
2017/10/31-15:13:56.181 DEBUG n.h.i.o.i.InCse[receiveCoapRequest:505] - UriPath=herit-cse/AE005
2017/10/31-15:13:56.182 DEBUG n.h.i.o.i.InCse[receiveCoapRequest:507] - 
2017/10/31-15:13:56.182 DEBUG n.h.i.o.i.InCse[receiveCoapRequest:516] - 
 Operation=RETRIEVE
 To=/herit-cse/AE005
 From:/herit-in/herit-cse/AE005
 RemoteHost:192.168.1.150
 RequestIdentifier:oneM2M_AE_BV_02
 ResourceType:NONE
 OriginatingTimestamp:null
 RequestExpirationTimestamp:null
 ResultExpirationTimestamp:null
 OperationExecutionTime:null
 ResponseType:NONE: 
 ResultPersistence:null
 ResultContent:ATTRIBUTES
 EventCategory:null
 DeliveryAggregation:null
 GroupRequestIdentifier:null
 DiscoveryResultType:NONE
 Accept:application/xml
 ContentType:
 Content exist.

2017/10/31-15:13:56.183 DEBUG o.m.d.p.query[debug:56] - Sending query of namespace IITP-IOT-TTA_ACTION5.resource on connection [connectionId{localValue:64, serverValue:38}] to server localhost:27017
2017/10/31-15:13:56.196 DEBUG o.m.d.p.query[debug:56] - Query completed
2017/10/31-15:13:56.202 DEBUG n.h.i.o.i.f.QosManager[checkCseTps:179] - checkCseTps:/herit-in/herit-cse/AE005
2017/10/31-15:13:56.202 DEBUG n.h.i.o.i.OperationProcessor[getForwardingUriIfNeeded:297] - to=/herit-cse/AE005
2017/10/31-15:13:56.203 DEBUG n.h.i.o.i.OperationProcessor[revisePrimitiveRequest:267] - revisePrimitiveRequest: /herit-in/herit-cse/AE005
2017/10/31-15:13:56.207 DEBUG o.m.d.p.query[debug:56] - Sending query of namespace IITP-IOT-TTA_ACTION5.resource on connection [connectionId{localValue:64, serverValue:38}] to server localhost:27017
2017/10/31-15:13:56.208 DEBUG o.m.d.p.query[debug:56] - Query completed
2017/10/31-15:13:56.209 DEBUG o.m.d.p.query[debug:56] - Sending query of namespace IITP-IOT-TTA_ACTION5.resource on connection [connectionId{localValue:64, serverValue:38}] to server localhost:27017
2017/10/31-15:13:56.211 DEBUG o.m.d.p.query[debug:56] - Query completed
2017/10/31-15:13:56.218 DEBUG o.m.d.p.query[debug:56] - Sending query of namespace IITP-IOT-TTA_ACTION5.resource on connection [connectionId{localValue:64, serverValue:38}] to server localhost:27017
2017/10/31-15:13:56.221 DEBUG o.m.d.p.query[debug:56] - Query completed
2017/10/31-15:13:56.493 DEBUG n.h.i.o.i.m.Manager[getResourceFromDB:59] - resourceId: /herit-in/herit-cse
2017/10/31-15:13:56.494 DEBUG o.m.d.p.query[debug:56] - Sending query of namespace IITP-IOT-TTA_ACTION5.resource on connection [connectionId{localValue:64, serverValue:38}] to server localhost:27017
2017/10/31-15:13:56.496 DEBUG o.m.d.p.query[debug:56] - Query completed
2017/10/31-15:13:56.498 DEBUG n.h.i.o.i.m.d.ResourceDAO[getResource:765] - { "_id" : { "$oid" : "59f803ce184c9f036737a35d" }, "rn" : "herit-cse", "ty" : 5, "ri" : "herit-in", "cst" : 1, "csi" : "/herit-in", "srt" : [1, 2, 3, 4, 5, 9, 14, 15, 16, 17, 23, 18], "poa" : ["http://192.168.1.144:8080"], "_uri" : "/herit-in/herit-cse", "ct" : "20171031T140206", "lt" : "20171031T140206" }
2017/10/31-15:13:56.503 DEBUG n.h.i.o.i.m.Manager[retrieveResource:695] - Retrieve [AE]
AE_ID:/herit-in/herit-cse/AE005
App_ID:NR_AE001
appName:IOTApp
pointOfAccess:[coap://192.168.1.150:6234]
ontologyRef:null
nodeLink:null

[BasicResource]
id:null
uri:/herit-in/herit-cse/AE005
resourceName:AE005
resourceType:2
resourceID:CAE_5
parentID:herit-in
creationTime:20171031T141608
lastModifiedTime:20171031T141608
labels:null
[RegularResource]
accessControlPolicyIDs: null
expirationTime: 20171103T141608
dynamicAuthorizationConsultationIDs: null
announceTo: null

announcedAttribute: null

2017/10/31-15:13:56.503 DEBUG n.h.i.m.o.OneM2mResponse[<init>:209] - OneM2mResponse initialized with request!
2017/10/31-15:13:56.504 DEBUG n.h.i.o.r.Resource[processEx:102] - process
2017/10/31-15:13:56.504 DEBUG n.h.i.o.r.Resource[process:117] - ResourceManager.process
2017/10/31-15:13:57.613 DEBUG n.h.i.o.i.InCse[sendCoapResponse:559] - << SEND CoAP MESSAGE:
2017/10/31-15:13:57.617 DEBUG n.h.i.o.i.InCse[sendCoapResponse:560] - null-2.05   MID=   -1, Token=null, OptionSet={"Location-Path":["herit-in","herit-cse","AE005"], "Content-Format":"application/xml", "Unknown (256)":0x2f2f3139322e3136382e312e3134342f68657269742d696e, "Unknown (257)":0x6f6e654d324d5f41455f42565f3032, "Unknown (265)":0x07d0}, "<?xml version="1.0" enco".. 524 bytes
2017/10/31-15:13:57.618 DEBUG n.h.i.o.i.InCse[sendCoapResponse:561] - <?xml version="1.0" encoding="utf-8"?>
<m2m:ae xsi:schemaLocation="http://www.onem2m.org/xml/protocols CDT-AE-v2_7_0.xsd" xmlns:m2m="http://www.onem2m.org/xml/protocols" xmlns:xsi="http://www.w3.org/2001/XMLSchema-instance" rn="AE005">
   <ty>2</ty>
   <ri>CAE_5</ri>
   <pi>herit-in</pi>
   <ct>20171031T141608</ct>
   <lt>20171031T141608</lt>
   <et>20171103T141608</et>
   <apn>IOTApp</apn>
   <api>NR_AE001</api>
   <aei>/herit-in/herit-cse/AE005</aei>
   <poa>coap://192.168.1.150:6234</poa>
   <rr>true</rr>
</m2m:ae>

2017/10/31-15:14:04.483 DEBUG o.m.d.connection[debug:56] - Ensuring minimum pooled connections to localhost:27017
2017/10/31-15:15:04.485 DEBUG o.m.d.connection[debug:56] - Ensuring minimum pooled connections to localhost:27017
2017/10/31-15:15:35.889 DEBUG n.h.i.o.i.InCse[receiveCoapRequest:499] - >> RECVD CoAP MESSAGE:
2017/10/31-15:15:35.892 DEBUG n.h.i.o.i.InCse[receiveCoapRequest:500] - Options format=-1
2017/10/31-15:15:35.893 DEBUG n.h.i.o.i.InCse[receiveCoapRequest:502] - RequestCode=GET
2017/10/31-15:15:35.893 DEBUG n.h.i.o.i.InCse[receiveCoapRequest:503] - RequestPayload=[B@57330c55
2017/10/31-15:15:35.896 DEBUG n.h.i.o.i.InCse[receiveCoapRequest:504] - Options={"Uri-Host":"192.168.1.144", "Uri-Path":["~","herit-in","CAE_5"], "Accept":"application/xml", "Unknown (256)":0x2f68657269742d696e2f68657269742d6373652f4145303035, "Unknown (257)":0x6f6e654d324d5f41455f42565f3032}
2017/10/31-15:15:35.897 DEBUG n.h.i.o.i.InCse[receiveCoapRequest:505] - UriPath=~/herit-in/CAE_5
2017/10/31-15:15:35.897 DEBUG n.h.i.o.i.InCse[receiveCoapRequest:507] - 
2017/10/31-15:15:35.898 DEBUG n.h.i.o.i.InCse[receiveCoapRequest:516] - 
 Operation=RETRIEVE
 To=/herit-in/CAE_5
 From:/herit-in/herit-cse/AE005
 RemoteHost:192.168.1.150
 RequestIdentifier:oneM2M_AE_BV_02
 ResourceType:NONE
 OriginatingTimestamp:null
 RequestExpirationTimestamp:null
 ResultExpirationTimestamp:null
 OperationExecutionTime:null
 ResponseType:NONE: 
 ResultPersistence:null
 ResultContent:ATTRIBUTES
 EventCategory:null
 DeliveryAggregation:null
 GroupRequestIdentifier:null
 DiscoveryResultType:NONE
 Accept:application/xml
 ContentType:
 Content exist.

2017/10/31-15:15:35.899 DEBUG o.m.d.p.query[debug:56] - Sending query of namespace IITP-IOT-TTA_ACTION5.resource on connection [connectionId{localValue:64, serverValue:38}] to server localhost:27017
2017/10/31-15:15:35.901 DEBUG o.m.d.p.query[debug:56] - Query completed
2017/10/31-15:15:35.904 DEBUG n.h.i.o.i.f.QosManager[checkCseTps:179] - checkCseTps:/herit-in/herit-cse/AE005
2017/10/31-15:15:35.904 DEBUG n.h.i.o.i.OperationProcessor[getForwardingUriIfNeeded:297] - to=/herit-in/CAE_5
2017/10/31-15:15:35.905 DEBUG n.h.i.o.i.OperationProcessor[revisePrimitiveRequest:267] - revisePrimitiveRequest: CAE_5
2017/10/31-15:15:35.906 DEBUG o.m.d.p.query[debug:56] - Sending query of namespace IITP-IOT-TTA_ACTION5.resource on connection [connectionId{localValue:64, serverValue:38}] to server localhost:27017
2017/10/31-15:15:35.907 DEBUG o.m.d.p.query[debug:56] - Query completed
2017/10/31-15:15:35.911 DEBUG o.m.d.p.query[debug:56] - Sending query of namespace IITP-IOT-TTA_ACTION5.resource on connection [connectionId{localValue:64, serverValue:38}] to server localhost:27017
2017/10/31-15:15:35.913 DEBUG o.m.d.p.query[debug:56] - Query completed
2017/10/31-15:15:35.915 DEBUG o.m.d.p.query[debug:56] - Sending query of namespace IITP-IOT-TTA_ACTION5.resource on connection [connectionId{localValue:64, serverValue:38}] to server localhost:27017
2017/10/31-15:15:35.916 DEBUG o.m.d.p.query[debug:56] - Query completed
2017/10/31-15:15:35.920 DEBUG n.h.i.o.i.m.Manager[getResourceFromDB:59] - resourceId: /herit-in/herit-cse
2017/10/31-15:15:35.920 DEBUG o.m.d.p.query[debug:56] - Sending query of namespace IITP-IOT-TTA_ACTION5.resource on connection [connectionId{localValue:64, serverValue:38}] to server localhost:27017
2017/10/31-15:15:35.922 DEBUG o.m.d.p.query[debug:56] - Query completed
2017/10/31-15:15:35.923 DEBUG n.h.i.o.i.m.d.ResourceDAO[getResource:765] - { "_id" : { "$oid" : "59f803ce184c9f036737a35d" }, "rn" : "herit-cse", "ty" : 5, "ri" : "herit-in", "cst" : 1, "csi" : "/herit-in", "srt" : [1, 2, 3, 4, 5, 9, 14, 15, 16, 17, 23, 18], "poa" : ["http://192.168.1.144:8080"], "_uri" : "/herit-in/herit-cse", "ct" : "20171031T140206", "lt" : "20171031T140206" }
2017/10/31-15:15:35.927 DEBUG n.h.i.o.i.m.Manager[retrieveResource:695] - Retrieve [AE]
AE_ID:/herit-in/herit-cse/AE005
App_ID:NR_AE001
appName:IOTApp
pointOfAccess:[coap://192.168.1.150:6234]
ontologyRef:null
nodeLink:null

[BasicResource]
id:null
uri:/herit-in/herit-cse/AE005
resourceName:AE005
resourceType:2
resourceID:CAE_5
parentID:herit-in
creationTime:20171031T141608
lastModifiedTime:20171031T141608
labels:null
[RegularResource]
accessControlPolicyIDs: null
expirationTime: 20171103T141608
dynamicAuthorizationConsultationIDs: null
announceTo: null

announcedAttribute: null

2017/10/31-15:15:35.927 DEBUG n.h.i.m.o.OneM2mResponse[<init>:209] - OneM2mResponse initialized with request!
2017/10/31-15:15:35.927 DEBUG n.h.i.o.r.Resource[processEx:102] - process
2017/10/31-15:15:35.928 DEBUG n.h.i.o.r.Resource[process:117] - ResourceManager.process
2017/10/31-15:15:35.929 DEBUG n.h.i.o.i.InCse[sendCoapResponse:559] - << SEND CoAP MESSAGE:
2017/10/31-15:15:35.931 DEBUG n.h.i.o.i.InCse[sendCoapResponse:560] - null-2.05   MID=   -1, Token=null, OptionSet={"Location-Path":["herit-in","herit-cse","AE005"], "Content-Format":"application/xml", "Unknown (256)":0x2f2f3139322e3136382e312e3134342f68657269742d696e, "Unknown (257)":0x6f6e654d324d5f41455f42565f3032, "Unknown (265)":0x07d0}, "<?xml version="1.0" enco".. 524 bytes
2017/10/31-15:15:35.932 DEBUG n.h.i.o.i.InCse[sendCoapResponse:561] - <?xml version="1.0" encoding="utf-8"?>
<m2m:ae xsi:schemaLocation="http://www.onem2m.org/xml/protocols CDT-AE-v2_7_0.xsd" xmlns:m2m="http://www.onem2m.org/xml/protocols" xmlns:xsi="http://www.w3.org/2001/XMLSchema-instance" rn="AE005">
   <ty>2</ty>
   <ri>CAE_5</ri>
   <pi>herit-in</pi>
   <ct>20171031T141608</ct>
   <lt>20171031T141608</lt>
   <et>20171103T141608</et>
   <apn>IOTApp</apn>
   <api>NR_AE001</api>
   <aei>/herit-in/herit-cse/AE005</aei>
   <poa>coap://192.168.1.150:6234</poa>
   <rr>true</rr>
</m2m:ae>

2017/10/31-15:16:04.486 DEBUG o.m.d.connection[debug:56] - Ensuring minimum pooled connections to localhost:27017
2017/10/31-15:17:04.484 DEBUG o.m.d.connection[debug:56] - Ensuring minimum pooled connections to localhost:27017
